{"meta": {"format": 3, "version": "7.6.1", "timestamp": "2026-01-22T20:45:35.489458", "branch_coverage": false, "show_contexts": false}, "files": {"varietykit/__init__.py": {"executed_lines": [1, 5, 6, 7, 11, 19], "summary": {"covered_lines": 5, "num_statements": 9, "percent_covered": 55.55555555555556, "percent_covered_display": "56", "missing_lines": 4, "excluded_lines": 0}, "missing_lines": [12, 13, 15, 16], "excluded_lines": [], "functions": {"__getattr__": {"executed_lines": [], "summary": {"covered_lines": 0, "num_statements": 4, "percent_covered": 0.0, "percent_covered_display": "0", "missing_lines": 4, "excluded_lines": 0}, "missing_lines": [12, 13, 15, 16], "excluded_lines": []}, "": {"executed_lines": [1, 5, 6, 7, 11, 19], "summary": {"covered_lines": 5, "num_statements": 5, "percent_covered": 100.0, "percent_covered_display": "100", "missing_lines": 0, "excluded_lines": 0}, "missing_lines": [], "excluded_lines": []}}, "classes": {"": {"executed_lines": [1, 5, 6, 7, 11, 19], "summary": {"covered_lines": 5, "num_statements": 9, "percent_covered": 55.55555555555556, "percent_covered_display": "56", "missing_lines": 4, "excluded_lines": 0}, "missing_lines": [12, 13, 15, 16], "excluded_lines": []}}}, "varietykit/cli/__init__.py": {"executed_lines": [1, 7, 15], "summary": {"covered_lines": 2, "num_statements": 6, "percent_covered": 33.333333333333336, "percent_covered_display": "33", "missing_lines": 4, "excluded_lines": 0}, "missing_lines": [8, 9, 11, 12], "excluded_lines": [], "functions": {"__getattr__": {"executed_lines": [], "summary": {"covered_lines": 0, "num_statements": 4, "percent_covered": 0.0, "percent_covered_display": "0", "missing_lines": 4, "excluded_lines": 0}, "missing_lines": [8, 9, 11, 12], "excluded_lines": []}, "": {"executed_lines": [1, 7, 15], "summary": {"covered_lines": 2, "num_statements": 2, "percent_covered": 100.0, "percent_covered_display": "100", "missing_lines": 0, "excluded_lines": 0}, "missing_lines": [], "excluded_lines": []}}, "classes": {"": {"executed_lines": [1, 7, 15], "summary": {"covered_lines": 2, "num_statements": 6, "percent_covered": 33.333333333333336, "percent_covered_display": "33", "missing_lines": 4, "excluded_lines": 0}, "missing_lines": [8, 9, 11, 12], "excluded_lines": []}}}, "varietykit/cli/ai_init.py": {"executed_lines": [], "summary": {"covered_lines": 0, "num_statements": 54, "percent_covered": 0.0, "percent_covered_display": "0", "missing_lines": 54, "excluded_lines": 0}, "missing_lines": [5, 6, 7, 9, 10, 13, 14, 15, 16, 19, 31, 32, 33, 34, 37, 40, 42, 44, 47, 50, 51, 54, 57, 58, 59, 60, 61, 62, 63, 64, 65, 66, 68, 70, 72, 74, 75, 76, 77, 78, 80, 82, 83, 85, 90, 91, 93, 94, 95, 96, 97, 98, 100, 101], "excluded_lines": [], "functions": {"init_command": {"executed_lines": [], "summary": {"covered_lines": 0, "num_statements": 5, "percent_covered": 0.0, "percent_covered_display": "0", "missing_lines": 5, "excluded_lines": 0}, "missing_lines": [31, 32, 33, 34, 37], "excluded_lines": []}, "ai_init_flow": {"executed_lines": [], "summary": {"covered_lines": 0, "num_statements": 38, "percent_covered": 0.0, "percent_covered_display": "0", "missing_lines": 38, "excluded_lines": 0}, "missing_lines": [42, 44, 47, 50, 51, 54, 57, 58, 59, 60, 61, 62, 63, 64, 65, 66, 68, 70, 72, 74, 75, 76, 77, 78, 80, 82, 83, 85, 90, 91, 93, 94, 95, 96, 97, 98, 100, 101], "excluded_lines": []}, "": {"executed_lines": [], "summary": {"covered_lines": 0, "num_statements": 11, "percent_covered": 0.0, "percent_covered_display": "0", "missing_lines": 11, "excluded_lines": 0}, "missing_lines": [5, 6, 7, 9, 10, 13, 14, 15, 16, 19, 40], "excluded_lines": []}}, "classes": {"": {"executed_lines": [], "summary": {"covered_lines": 0, "num_statements": 54, "percent_covered": 0.0, "percent_covered_display": "0", "missing_lines": 54, "excluded_lines": 0}, "missing_lines": [5, 6, 7, 9, 10, 13, 14, 15, 16, 19, 31, 32, 33, 34, 37, 40, 42, 44, 47, 50, 51, 54, 57, 58, 59, 60, 61, 62, 63, 64, 65, 66, 68, 70, 72, 74, 75, 76, 77, 78, 80, 82, 83, 85, 90, 91, 93, 94, 95, 96, 97, 98, 100, 101], "excluded_lines": []}}}, "varietykit/cli/bootstrap.py": {"executed_lines": [1, 5, 6, 8, 9, 10, 11, 12, 15, 16, 17, 18, 19, 20], "summary": {"covered_lines": 13, "num_statements": 106, "percent_covered": 12.264150943396226, "percent_covered_display": "12", "missing_lines": 93, "excluded_lines": 0}, "missing_lines": [31, 32, 34, 42, 43, 45, 46, 50, 52, 53, 55, 56, 58, 60, 65, 66, 67, 68, 69, 70, 77, 78, 79, 80, 81, 82, 83, 84, 85, 86, 87, 88, 90, 93, 94, 95, 97, 98, 99, 101, 102, 109, 110, 118, 119, 120, 121, 122, 123, 124, 125, 126, 127, 128, 129, 131, 136, 137, 138, 139, 140, 141, 148, 149, 150, 151, 152, 153, 154, 156, 157, 158, 159, 161, 164, 165, 166, 168, 169, 170, 171, 172, 174, 177, 178, 180, 183, 184, 185, 196, 198, 207, 208], "excluded_lines": [], "functions": {"bootstrap": {"executed_lines": [], "summary": {"covered_lines": 0, "num_statements": 93, "percent_covered": 0.0, "percent_covered_display": "0", "missing_lines": 93, "excluded_lines": 0}, "missing_lines": [31, 32, 34, 42, 43, 45, 46, 50, 52, 53, 55, 56, 58, 60, 65, 66, 67, 68, 69, 70, 77, 78, 79, 80, 81, 82, 83, 84, 85, 86, 87, 88, 90, 93, 94, 95, 97, 98, 99, 101, 102, 109, 110, 118, 119, 120, 121, 122, 123, 124, 125, 126, 127, 128, 129, 131, 136, 137, 138, 139, 140, 141, 148, 149, 150, 151, 152, 153, 154, 156, 157, 158, 159, 161, 164, 165, 166, 168, 169, 170, 171, 172, 174, 177, 178, 180, 183, 184, 185, 196, 198, 207, 208], "excluded_lines": []}, "": {"executed_lines": [1, 5, 6, 8, 9, 10, 11, 12, 15, 16, 17, 18, 19, 20], "summary": {"covered_lines": 13, "num_statements": 13, "percent_covered": 100.0, "percent_covered_display": "100", "missing_lines": 0, "excluded_lines": 0}, "missing_lines": [], "excluded_lines": []}}, "classes": {"": {"executed_lines": [1, 5, 6, 8, 9, 10, 11, 12, 15, 16, 17, 18, 19, 20], "summary": {"covered_lines": 13, "num_statements": 106, "percent_covered": 12.264150943396226, "percent_covered_display": "12", "missing_lines": 93, "excluded_lines": 0}, "missing_lines": [31, 32, 34, 42, 43, 45, 46, 50, 52, 53, 55, 56, 58, 60, 65, 66, 67, 68, 69, 70, 77, 78, 79, 80, 81, 82, 83, 84, 85, 86, 87, 88, 90, 93, 94, 95, 97, 98, 99, 101, 102, 109, 110, 118, 119, 120, 121, 122, 123, 124, 125, 126, 127, 128, 129, 131, 136, 137, 138, 139, 140, 141, 148, 149, 150, 151, 152, 153, 154, 156, 157, 158, 159, 161, 164, 165, 166, 168, 169, 170, 171, 172, 174, 177, 178, 180, 183, 184, 185, 196, 198, 207, 208], "excluded_lines": []}}}, "varietykit/cli/completions.py": {"executed_lines": [1, 5, 6, 8, 9, 10, 13, 14, 19, 20, 21, 65, 79, 103, 124, 178], "summary": {"covered_lines": 15, "num_statements": 87, "percent_covered": 17.24137931034483, "percent_covered_display": "17", "missing_lines": 72, "excluded_lines": 0}, "missing_lines": [39, 40, 43, 44, 45, 46, 53, 55, 57, 59, 62, 67, 69, 70, 71, 72, 73, 74, 76, 82, 83, 88, 89, 94, 95, 100, 105, 107, 109, 110, 111, 113, 114, 116, 117, 118, 119, 121, 126, 128, 129, 134, 136, 138, 140, 141, 142, 143, 150, 153, 154, 156, 166, 168, 169, 175, 180, 181, 183, 189, 190, 192, 193, 194, 196, 198, 199, 200, 201, 202, 203, 205], "excluded_lines": [], "functions": {"completions": {"executed_lines": [], "summary": {"covered_lines": 0, "num_statements": 11, "percent_covered": 0.0, "percent_covered_display": "0", "missing_lines": 11, "excluded_lines": 0}, "missing_lines": [39, 40, 43, 44, 45, 46, 53, 55, 57, 59, 62], "excluded_lines": []}, "detect_shell": {"executed_lines": [], "summary": {"covered_lines": 0, "num_statements": 8, "percent_covered": 0.0, "percent_covered_display": "0", "missing_lines": 8, "excluded_lines": 0}, "missing_lines": [67, 69, 70, 71, 72, 73, 74, 76], "excluded_lines": []}, "get_completion_script": {"executed_lines": [], "summary": {"covered_lines": 0, "num_statements": 7, "percent_covered": 0.0, "percent_covered_display": "0", "missing_lines": 7, "excluded_lines": 0}, "missing_lines": [82, 83, 88, 89, 94, 95, 100], "excluded_lines": []}, "get_config_file": {"executed_lines": [], "summary": {"covered_lines": 0, "num_statements": 12, "percent_covered": 0.0, "percent_covered_display": "0", "missing_lines": 12, "excluded_lines": 0}, "missing_lines": [105, 107, 109, 110, 111, 113, 114, 116, 117, 118, 119, 121], "excluded_lines": []}, "install_completions": {"executed_lines": [], "summary": {"covered_lines": 0, "num_statements": 18, "percent_covered": 0.0, "percent_covered_display": "0", "missing_lines": 18, "excluded_lines": 0}, "missing_lines": [126, 128, 129, 134, 136, 138, 140, 141, 142, 143, 150, 153, 154, 156, 166, 168, 169, 175], "excluded_lines": []}, "show_instructions": {"executed_lines": [], "summary": {"covered_lines": 0, "num_statements": 16, "percent_covered": 0.0, "percent_covered_display": "0", "missing_lines": 16, "excluded_lines": 0}, "missing_lines": [180, 181, 183, 189, 190, 192, 193, 194, 196, 198, 199, 200, 201, 202, 203, 205], "excluded_lines": []}, "": {"executed_lines": [1, 5, 6, 8, 9, 10, 13, 14, 19, 20, 21, 65, 79, 103, 124, 178], "summary": {"covered_lines": 15, "num_statements": 15, "percent_covered": 100.0, "percent_covered_display": "100", "missing_lines": 0, "excluded_lines": 0}, "missing_lines": [], "excluded_lines": []}}, "classes": {"": {"executed_lines": [1, 5, 6, 8, 9, 10, 13, 14, 19, 20, 21, 65, 79, 103, 124, 178], "summary": {"covered_lines": 15, "num_statements": 87, "percent_covered": 17.24137931034483, "percent_covered_display": "17", "missing_lines": 72, "excluded_lines": 0}, "missing_lines": [39, 40, 43, 44, 45, 46, 53, 55, 57, 59, 62, 67, 69, 70, 71, 72, 73, 74, 76, 82, 83, 88, 89, 94, 95, 100, 105, 107, 109, 110, 111, 113, 114, 116, 117, 118, 119, 121, 126, 128, 129, 134, 136, 138, 140, 141, 142, 143, 150, 153, 154, 156, 166, 168, 169, 175, 180, 181, 183, 189, 190, 192, 193, 194, 196, 198, 199, 200, 201, 202, 203, 205], "excluded_lines": []}}}, "varietykit/cli/contract.py": {"executed_lines": [1, 5, 6, 7, 9, 10, 11, 12, 13, 16, 17, 18, 48, 88, 89, 90, 91, 92, 99, 100, 101, 102, 103, 295, 296, 297, 298, 299, 306, 307, 310, 311, 314, 317, 318, 319, 580, 581, 582, 589, 590, 591, 592, 593, 594, 595, 596, 845, 846, 847, 848], "summary": {"covered_lines": 50, "num_statements": 361, "percent_covered": 13.850415512465373, "percent_covered_display": "14", "missing_lines": 311, "excluded_lines": 0}, "missing_lines": [45, 50, 52, 53, 55, 58, 59, 61, 63, 64, 65, 67, 68, 69, 72, 73, 74, 75, 82, 83, 85, 133, 134, 136, 137, 140, 146, 147, 149, 150, 158, 160, 172, 173, 174, 175, 176, 178, 179, 182, 183, 187, 189, 190, 194, 195, 196, 197, 199, 207, 209, 217, 220, 225, 226, 227, 228, 238, 241, 242, 244, 245, 246, 247, 248, 251, 252, 253, 256, 259, 261, 264, 265, 274, 276, 277, 285, 287, 288, 291, 292, 351, 352, 354, 355, 357, 360, 366, 367, 369, 370, 376, 379, 380, 381, 382, 383, 384, 385, 387, 388, 397, 400, 401, 404, 405, 407, 409, 423, 424, 425, 426, 427, 429, 430, 432, 433, 437, 438, 439, 443, 444, 445, 446, 448, 449, 451, 452, 455, 460, 461, 462, 463, 464, 467, 468, 469, 470, 471, 472, 473, 475, 476, 477, 479, 482, 488, 489, 492, 493, 494, 495, 496, 497, 498, 501, 502, 505, 506, 507, 508, 509, 511, 512, 513, 516, 517, 519, 520, 522, 523, 525, 526, 529, 532, 534, 535, 546, 548, 557, 559, 560, 568, 570, 571, 576, 577, 619, 620, 622, 623, 625, 628, 634, 635, 637, 638, 643, 646, 647, 648, 649, 650, 652, 653, 655, 656, 660, 661, 662, 666, 667, 668, 669, 671, 672, 674, 675, 678, 683, 684, 685, 686, 687, 689, 690, 691, 692, 694, 696, 698, 708, 711, 713, 716, 717, 720, 721, 722, 723, 724, 725, 730, 731, 734, 735, 736, 737, 738, 739, 741, 742, 744, 746, 747, 751, 762, 763, 765, 766, 768, 771, 772, 776, 777, 778, 779, 780, 781, 786, 787, 789, 790, 791, 794, 797, 800, 806, 807, 808, 809, 811, 812, 819, 820, 822, 824, 825, 833, 835, 836, 841, 842, 854, 855, 857, 859, 860, 861, 862, 863, 865, 868, 869, 870, 872, 873, 875, 876, 877, 879], "excluded_lines": [], "functions": {"contract": {"executed_lines": [], "summary": {"covered_lines": 0, "num_statements": 1, "percent_covered": 0.0, "percent_covered_display": "0", "missing_lines": 1, "excluded_lines": 0}, "missing_lines": [45], "excluded_lines": []}, "get_deployed_contracts": {"executed_lines": [], "summary": {"covered_lines": 0, "num_statements": 20, "percent_covered": 0.0, "percent_covered_display": "0", "missing_lines": 20, "excluded_lines": 0}, "missing_lines": [50, 52, 53, 55, 58, 59, 61, 63, 64, 65, 67, 68, 69, 72, 73, 74, 75, 82, 83, 85], "excluded_lines": []}, "call": {"executed_lines": [], "summary": {"covered_lines": 0, "num_statements": 60, "percent_covered": 0.0, "percent_covered_display": "0", "missing_lines": 60, "excluded_lines": 0}, "missing_lines": [133, 134, 136, 137, 140, 146, 147, 149, 150, 158, 160, 172, 173, 174, 175, 176, 178, 179, 182, 183, 187, 189, 190, 194, 195, 196, 197, 199, 207, 209, 217, 220, 225, 226, 227, 228, 238, 241, 242, 244, 245, 246, 247, 248, 251, 252, 253, 256, 259, 261, 264, 265, 274, 276, 277, 285, 287, 288, 291, 292], "excluded_lines": []}, "send": {"executed_lines": [], "summary": {"covered_lines": 0, "num_statements": 106, "percent_covered": 0.0, "percent_covered_display": "0", "missing_lines": 106, "excluded_lines": 0}, "missing_lines": [351, 352, 354, 355, 357, 360, 366, 367, 369, 370, 376, 379, 380, 381, 382, 383, 384, 385, 387, 388, 397, 400, 401, 404, 405, 407, 409, 423, 424, 425, 426, 427, 429, 430, 432, 433, 437, 438, 439, 443, 444, 445, 446, 448, 449, 451, 452, 455, 460, 461, 462, 463, 464, 467, 468, 469, 470, 471, 472, 473, 475, 476, 477, 479, 482, 488, 489, 492, 493, 494, 495, 496, 497, 498, 501, 502, 505, 506, 507, 508, 509, 511, 512, 513, 516, 517, 519, 520, 522, 523, 525, 526, 529, 532, 534, 535, 546, 548, 557, 559, 560, 568, 570, 571, 576, 577], "excluded_lines": []}, "events": {"executed_lines": [], "summary": {"covered_lines": 0, "num_statements": 106, "percent_covered": 0.0, "percent_covered_display": "0", "missing_lines": 106, "excluded_lines": 0}, "missing_lines": [619, 620, 622, 623, 625, 628, 634, 635, 637, 638, 643, 646, 647, 648, 649, 650, 652, 653, 655, 656, 660, 661, 662, 666, 667, 668, 669, 671, 672, 674, 675, 678, 683, 684, 685, 686, 687, 689, 690, 691, 692, 694, 696, 698, 708, 711, 713, 716, 717, 720, 721, 722, 723, 724, 725, 730, 731, 734, 735, 736, 737, 738, 739, 741, 742, 744, 746, 747, 751, 762, 763, 765, 766, 768, 771, 772, 776, 777, 778, 779, 780, 781, 786, 787, 789, 790, 791, 794, 797, 800, 806, 807, 808, 809, 811, 812, 819, 820, 822, 824, 825, 833, 835, 836, 841, 842], "excluded_lines": []}, "list": {"executed_lines": [], "summary": {"covered_lines": 0, "num_statements": 18, "percent_covered": 0.0, "percent_covered_display": "0", "missing_lines": 18, "excluded_lines": 0}, "missing_lines": [854, 855, 857, 859, 860, 861, 862, 863, 865, 868, 869, 870, 872, 873, 875, 876, 877, 879], "excluded_lines": []}, "": {"executed_lines": [1, 5, 6, 7, 9, 10, 11, 12, 13, 16, 17, 18, 48, 88, 89, 90, 91, 92, 99, 100, 101, 102, 103, 295, 296, 297, 298, 299, 306, 307, 310, 311, 314, 317, 318, 319, 580, 581, 582, 589, 590, 591, 592, 593, 594, 595, 596, 845, 846, 847, 848], "summary": {"covered_lines": 50, "num_statements": 50, "percent_covered": 100.0, "percent_covered_display": "100", "missing_lines": 0, "excluded_lines": 0}, "missing_lines": [], "excluded_lines": []}}, "classes": {"": {"executed_lines": [1, 5, 6, 7, 9, 10, 11, 12, 13, 16, 17, 18, 48, 88, 89, 90, 91, 92, 99, 100, 101, 102, 103, 295, 296, 297, 298, 299, 306, 307, 310, 311, 314, 317, 318, 319, 580, 581, 582, 589, 590, 591, 592, 593, 594, 595, 596, 845, 846, 847, 848], "summary": {"covered_lines": 50, "num_statements": 361, "percent_covered": 13.850415512465373, "percent_covered_display": "14", "missing_lines": 311, "excluded_lines": 0}, "missing_lines": [45, 50, 52, 53, 55, 58, 59, 61, 63, 64, 65, 67, 68, 69, 72, 73, 74, 75, 82, 83, 85, 133, 134, 136, 137, 140, 146, 147, 149, 150, 158, 160, 172, 173, 174, 175, 176, 178, 179, 182, 183, 187, 189, 190, 194, 195, 196, 197, 199, 207, 209, 217, 220, 225, 226, 227, 228, 238, 241, 242, 244, 245, 246, 247, 248, 251, 252, 253, 256, 259, 261, 264, 265, 274, 276, 277, 285, 287, 288, 291, 292, 351, 352, 354, 355, 357, 360, 366, 367, 369, 370, 376, 379, 380, 381, 382, 383, 384, 385, 387, 388, 397, 400, 401, 404, 405, 407, 409, 423, 424, 425, 426, 427, 429, 430, 432, 433, 437, 438, 439, 443, 444, 445, 446, 448, 449, 451, 452, 455, 460, 461, 462, 463, 464, 467, 468, 469, 470, 471, 472, 473, 475, 476, 477, 479, 482, 488, 489, 492, 493, 494, 495, 496, 497, 498, 501, 502, 505, 506, 507, 508, 509, 511, 512, 513, 516, 517, 519, 520, 522, 523, 525, 526, 529, 532, 534, 535, 546, 548, 557, 559, 560, 568, 570, 571, 576, 577, 619, 620, 622, 623, 625, 628, 634, 635, 637, 638, 643, 646, 647, 648, 649, 650, 652, 653, 655, 656, 660, 661, 662, 666, 667, 668, 669, 671, 672, 674, 675, 678, 683, 684, 685, 686, 687, 689, 690, 691, 692, 694, 696, 698, 708, 711, 713, 716, 717, 720, 721, 722, 723, 724, 725, 730, 731, 734, 735, 736, 737, 738, 739, 741, 742, 744, 746, 747, 751, 762, 763, 765, 766, 768, 771, 772, 776, 777, 778, 779, 780, 781, 786, 787, 789, 790, 791, 794, 797, 800, 806, 807, 808, 809, 811, 812, 819, 820, 822, 824, 825, 833, 835, 836, 841, 842, 854, 855, 857, 859, 860, 861, 862, 863, 865, 868, 869, 870, 872, 873, 875, 876, 877, 879], "excluded_lines": []}}}, "varietykit/cli/deploy.py": {"executed_lines": [1, 5, 6, 7, 8, 9, 11, 12, 13, 14, 15, 22, 23, 24, 25, 28, 31, 32, 33, 66, 73, 93, 107, 108, 115, 116, 117, 118, 119, 120, 441, 442, 443, 444, 506, 507, 508, 509, 510, 575, 576, 583, 584, 585, 586], "summary": {"covered_lines": 44, "num_statements": 247, "percent_covered": 17.813765182186234, "percent_covered_display": "18", "missing_lines": 203, "excluded_lines": 0}, "missing_lines": [63, 68, 69, 70, 75, 76, 79, 80, 81, 83, 86, 89, 90, 95, 96, 98, 99, 101, 102, 104, 148, 149, 152, 158, 161, 162, 163, 164, 165, 166, 169, 171, 181, 182, 185, 186, 189, 190, 191, 194, 195, 198, 199, 200, 207, 210, 212, 213, 220, 223, 225, 226, 227, 228, 231, 234, 235, 236, 237, 239, 241, 242, 244, 248, 249, 252, 253, 254, 255, 258, 260, 263, 264, 266, 273, 275, 277, 279, 281, 292, 293, 294, 297, 300, 301, 302, 304, 306, 313, 317, 318, 320, 321, 322, 325, 334, 335, 337, 350, 353, 377, 380, 386, 387, 388, 389, 391, 392, 393, 400, 401, 402, 404, 417, 421, 423, 434, 435, 436, 437, 438, 451, 452, 454, 456, 457, 464, 467, 468, 470, 472, 473, 475, 476, 478, 480, 490, 491, 492, 493, 495, 496, 497, 499, 500, 501, 503, 517, 518, 520, 522, 523, 524, 527, 529, 531, 532, 533, 534, 535, 538, 540, 541, 542, 545, 548, 551, 552, 553, 554, 555, 557, 558, 566, 567, 568, 572, 596, 597, 599, 601, 602, 609, 611, 612, 619, 621, 622, 624, 625, 636, 637, 638, 640, 643, 644, 645, 647, 648, 650, 651, 653, 662], "excluded_lines": [], "functions": {"deploy": {"executed_lines": [], "summary": {"covered_lines": 0, "num_statements": 1, "percent_covered": 0.0, "percent_covered_display": "0", "missing_lines": 1, "excluded_lines": 0}, "missing_lines": [63], "excluded_lines": []}, "get_deployments_dir": {"executed_lines": [], "summary": {"covered_lines": 0, "num_statements": 3, "percent_covered": 0.0, "percent_covered_display": "0", "missing_lines": 3, "excluded_lines": 0}, "missing_lines": [68, 69, 70], "excluded_lines": []}, "save_deployment_state": {"executed_lines": [], "summary": {"covered_lines": 0, "num_statements": 9, "percent_covered": 0.0, "percent_covered_display": "0", "missing_lines": 9, "excluded_lines": 0}, "missing_lines": [75, 76, 79, 80, 81, 83, 86, 89, 90], "excluded_lines": []}, "get_deployment_history": {"executed_lines": [], "summary": {"covered_lines": 0, "num_statements": 7, "percent_covered": 0.0, "percent_covered_display": "0", "missing_lines": 7, "excluded_lines": 0}, "missing_lines": [95, 96, 98, 99, 101, 102, 104], "excluded_lines": []}, "run": {"executed_lines": [], "summary": {"covered_lines": 0, "num_statements": 101, "percent_covered": 0.0, "percent_covered_display": "0", "missing_lines": 101, "excluded_lines": 0}, "missing_lines": [148, 149, 152, 158, 161, 162, 163, 164, 165, 166, 169, 171, 181, 182, 185, 186, 189, 190, 191, 194, 195, 198, 199, 200, 207, 210, 212, 213, 220, 223, 225, 226, 227, 228, 231, 234, 235, 236, 237, 239, 241, 242, 244, 248, 249, 252, 253, 254, 255, 258, 260, 263, 264, 266, 273, 275, 277, 279, 281, 292, 293, 294, 297, 300, 301, 302, 304, 306, 313, 317, 318, 320, 321, 322, 325, 334, 335, 337, 350, 353, 377, 380, 386, 387, 388, 389, 391, 392, 393, 400, 401, 402, 404, 417, 421, 423, 434, 435, 436, 437, 438], "excluded_lines": []}, "status": {"executed_lines": [], "summary": {"covered_lines": 0, "num_statements": 26, "percent_covered": 0.0, "percent_covered_display": "0", "missing_lines": 26, "excluded_lines": 0}, "missing_lines": [451, 452, 454, 456, 457, 464, 467, 468, 470, 472, 473, 475, 476, 478, 480, 490, 491, 492, 493, 495, 496, 497, 499, 500, 501, 503], "excluded_lines": []}, "list": {"executed_lines": [], "summary": {"covered_lines": 0, "num_statements": 30, "percent_covered": 0.0, "percent_covered_display": "0", "missing_lines": 30, "excluded_lines": 0}, "missing_lines": [517, 518, 520, 522, 523, 524, 527, 529, 531, 532, 533, 534, 535, 538, 540, 541, 542, 545, 548, 551, 552, 553, 554, 555, 557, 558, 566, 567, 568, 572], "excluded_lines": []}, "rollback": {"executed_lines": [], "summary": {"covered_lines": 0, "num_statements": 26, "percent_covered": 0.0, "percent_covered_display": "0", "missing_lines": 26, "excluded_lines": 0}, "missing_lines": [596, 597, 599, 601, 602, 609, 611, 612, 619, 621, 622, 624, 625, 636, 637, 638, 640, 643, 644, 645, 647, 648, 650, 651, 653, 662], "excluded_lines": []}, "": {"executed_lines": [1, 5, 6, 7, 8, 9, 11, 12, 13, 14, 15, 22, 23, 24, 25, 28, 31, 32, 33, 66, 73, 93, 107, 108, 115, 116, 117, 118, 119, 120, 441, 442, 443, 444, 506, 507, 508, 509, 510, 575, 576, 583, 584, 585, 586], "summary": {"covered_lines": 44, "num_statements": 44, "percent_covered": 100.0, "percent_covered_display": "100", "missing_lines": 0, "excluded_lines": 0}, "missing_lines": [], "excluded_lines": []}}, "classes": {"": {"executed_lines": [1, 5, 6, 7, 8, 9, 11, 12, 13, 14, 15, 22, 23, 24, 25, 28, 31, 32, 33, 66, 73, 93, 107, 108, 115, 116, 117, 118, 119, 120, 441, 442, 443, 444, 506, 507, 508, 509, 510, 575, 576, 583, 584, 585, 586], "summary": {"covered_lines": 44, "num_statements": 247, "percent_covered": 17.813765182186234, "percent_covered_display": "18", "missing_lines": 203, "excluded_lines": 0}, "missing_lines": [63, 68, 69, 70, 75, 76, 79, 80, 81, 83, 86, 89, 90, 95, 96, 98, 99, 101, 102, 104, 148, 149, 152, 158, 161, 162, 163, 164, 165, 166, 169, 171, 181, 182, 185, 186, 189, 190, 191, 194, 195, 198, 199, 200, 207, 210, 212, 213, 220, 223, 225, 226, 227, 228, 231, 234, 235, 236, 237, 239, 241, 242, 244, 248, 249, 252, 253, 254, 255, 258, 260, 263, 264, 266, 273, 275, 277, 279, 281, 292, 293, 294, 297, 300, 301, 302, 304, 306, 313, 317, 318, 320, 321, 322, 325, 334, 335, 337, 350, 353, 377, 380, 386, 387, 388, 389, 391, 392, 393, 400, 401, 402, 404, 417, 421, 423, 434, 435, 436, 437, 438, 451, 452, 454, 456, 457, 464, 467, 468, 470, 472, 473, 475, 476, 478, 480, 490, 491, 492, 493, 495, 496, 497, 499, 500, 501, 503, 517, 518, 520, 522, 523, 524, 527, 529, 531, 532, 533, 534, 535, 538, 540, 541, 542, 545, 548, 551, 552, 553, 554, 555, 557, 558, 566, 567, 568, 572, 596, 597, 599, 601, 602, 609, 611, 612, 619, 621, 622, 624, 625, 636, 637, 638, 640, 643, 644, 645, 647, 648, 650, 651, 653, 662], "excluded_lines": []}}}, "varietykit/cli/dev.py": {"executed_lines": [1, 5, 6, 7, 8, 9, 11, 12, 13, 14, 15, 16, 19, 20, 27, 28, 29, 30, 31], "summary": {"covered_lines": 18, "num_statements": 89, "percent_covered": 20.224719101123597, "percent_covered_display": "20", "missing_lines": 71, "excluded_lines": 0}, "missing_lines": [55, 56, 59, 62, 63, 64, 65, 68, 69, 70, 73, 79, 81, 82, 83, 86, 87, 88, 89, 90, 92, 101, 105, 107, 109, 110, 111, 112, 113, 114, 115, 116, 117, 120, 121, 123, 125, 126, 127, 129, 130, 132, 141, 142, 145, 146, 147, 149, 150, 152, 161, 162, 164, 165, 168, 172, 173, 174, 177, 180, 181, 182, 183, 185, 186, 188, 190, 191, 192, 193, 194], "excluded_lines": [], "functions": {"dev": {"executed_lines": [], "summary": {"covered_lines": 0, "num_statements": 62, "percent_covered": 0.0, "percent_covered_display": "0", "missing_lines": 62, "excluded_lines": 0}, "missing_lines": [55, 56, 59, 62, 63, 64, 65, 68, 69, 70, 73, 79, 81, 82, 83, 86, 87, 88, 89, 90, 92, 101, 105, 107, 120, 121, 123, 125, 126, 127, 129, 130, 132, 141, 142, 145, 146, 147, 149, 150, 152, 161, 162, 164, 165, 168, 172, 173, 174, 177, 180, 181, 182, 183, 185, 186, 188, 190, 191, 192, 193, 194], "excluded_lines": []}, "dev.cleanup_processes": {"executed_lines": [], "summary": {"covered_lines": 0, "num_statements": 9, "percent_covered": 0.0, "percent_covered_display": "0", "missing_lines": 9, "excluded_lines": 0}, "missing_lines": [109, 110, 111, 112, 113, 114, 115, 116, 117], "excluded_lines": []}, "": {"executed_lines": [1, 5, 6, 7, 8, 9, 11, 12, 13, 14, 15, 16, 19, 20, 27, 28, 29, 30, 31], "summary": {"covered_lines": 18, "num_statements": 18, "percent_covered": 100.0, "percent_covered_display": "100", "missing_lines": 0, "excluded_lines": 0}, "missing_lines": [], "excluded_lines": []}}, "classes": {"": {"executed_lines": [1, 5, 6, 7, 8, 9, 11, 12, 13, 14, 15, 16, 19, 20, 27, 28, 29, 30, 31], "summary": {"covered_lines": 18, "num_statements": 89, "percent_covered": 20.224719101123597, "percent_covered_display": "20", "missing_lines": 71, "excluded_lines": 0}, "missing_lines": [55, 56, 59, 62, 63, 64, 65, 68, 69, 70, 73, 79, 81, 82, 83, 86, 87, 88, 89, 90, 92, 101, 105, 107, 109, 110, 111, 112, 113, 114, 115, 116, 117, 120, 121, 123, 125, 126, 127, 129, 130, 132, 141, 142, 145, 146, 147, 149, 150, 152, 161, 162, 164, 165, 168, 172, 173, 174, 177, 180, 181, 182, 183, 185, 186, 188, 190, 191, 192, 193, 194], "excluded_lines": []}}}, "varietykit/cli/doctor.py": {"executed_lines": [1, 5, 6, 7, 8, 9, 10, 18, 19, 20, 21, 22], "summary": {"covered_lines": 11, "num_statements": 157, "percent_covered": 7.006369426751593, "percent_covered_display": "7", "missing_lines": 146, "excluded_lines": 0}, "missing_lines": [48, 49, 51, 53, 62, 68, 69, 70, 71, 73, 74, 75, 76, 81, 82, 84, 85, 86, 87, 91, 94, 95, 100, 101, 102, 104, 105, 107, 113, 118, 121, 122, 123, 124, 128, 134, 135, 138, 139, 140, 141, 143, 149, 154, 157, 158, 159, 160, 164, 170, 173, 174, 175, 176, 183, 189, 194, 195, 196, 198, 199, 201, 207, 208, 213, 214, 219, 220, 221, 223, 224, 226, 232, 237, 238, 244, 245, 246, 248, 249, 253, 256, 261, 262, 268, 269, 270, 272, 273, 280, 286, 291, 292, 295, 296, 298, 299, 306, 312, 315, 317, 318, 319, 321, 322, 326, 332, 337, 338, 341, 343, 344, 345, 346, 347, 348, 350, 351, 352, 353, 354, 355, 358, 359, 360, 368, 369, 371, 372, 382, 384, 386, 387, 389, 390, 392, 393, 395, 396, 398, 399, 400, 402, 403, 405, 406], "excluded_lines": [], "functions": {"doctor": {"executed_lines": [], "summary": {"covered_lines": 0, "num_statements": 146, "percent_covered": 0.0, "percent_covered_display": "0", "missing_lines": 146, "excluded_lines": 0}, "missing_lines": [48, 49, 51, 53, 62, 68, 69, 70, 71, 73, 74, 75, 76, 81, 82, 84, 85, 86, 87, 91, 94, 95, 100, 101, 102, 104, 105, 107, 113, 118, 121, 122, 123, 124, 128, 134, 135, 138, 139, 140, 141, 143, 149, 154, 157, 158, 159, 160, 164, 170, 173, 174, 175, 176, 183, 189, 194, 195, 196, 198, 199, 201, 207, 208, 213, 214, 219, 220, 221, 223, 224, 226, 232, 237, 238, 244, 245, 246, 248, 249, 253, 256, 261, 262, 268, 269, 270, 272, 273, 280, 286, 291, 292, 295, 296, 298, 299, 306, 312, 315, 317, 318, 319, 321, 322, 326, 332, 337, 338, 341, 343, 344, 345, 346, 347, 348, 350, 351, 352, 353, 354, 355, 358, 359, 360, 368, 369, 371, 372, 382, 384, 386, 387, 389, 390, 392, 393, 395, 396, 398, 399, 400, 402, 403, 405, 406], "excluded_lines": []}, "": {"executed_lines": [1, 5, 6, 7, 8, 9, 10, 18, 19, 20, 21, 22], "summary": {"covered_lines": 11, "num_statements": 11, "percent_covered": 100.0, "percent_covered_display": "100", "missing_lines": 0, "excluded_lines": 0}, "missing_lines": [], "excluded_lines": []}}, "classes": {"": {"executed_lines": [1, 5, 6, 7, 8, 9, 10, 18, 19, 20, 21, 22], "summary": {"covered_lines": 11, "num_statements": 157, "percent_covered": 7.006369426751593, "percent_covered_display": "7", "missing_lines": 146, "excluded_lines": 0}, "missing_lines": [48, 49, 51, 53, 62, 68, 69, 70, 71, 73, 74, 75, 76, 81, 82, 84, 85, 86, 87, 91, 94, 95, 100, 101, 102, 104, 105, 107, 113, 118, 121, 122, 123, 124, 128, 134, 135, 138, 139, 140, 141, 143, 149, 154, 157, 158, 159, 160, 164, 170, 173, 174, 175, 176, 183, 189, 194, 195, 196, 198, 199, 201, 207, 208, 213, 214, 219, 220, 221, 223, 224, 226, 232, 237, 238, 244, 245, 246, 248, 249, 253, 256, 261, 262, 268, 269, 270, 272, 273, 280, 286, 291, 292, 295, 296, 298, 299, 306, 312, 315, 317, 318, 319, 321, 322, 326, 332, 337, 338, 341, 343, 344, 345, 346, 347, 348, 350, 351, 352, 353, 354, 355, 358, 359, 360, 368, 369, 371, 372, 382, 384, 386, 387, 389, 390, 392, 393, 395, 396, 398, 399, 400, 402, 403, 405, 406], "excluded_lines": []}}}, "varietykit/cli/fund.py": {"executed_lines": [1, 5, 6, 8, 9, 10, 11, 12, 15, 16, 17, 20, 21, 22, 81, 170], "summary": {"covered_lines": 15, "num_statements": 95, "percent_covered": 15.789473684210526, "percent_covered_display": "16", "missing_lines": 80, "excluded_lines": 0}, "missing_lines": [42, 43, 46, 47, 48, 49, 50, 51, 52, 54, 55, 63, 65, 75, 76, 77, 78, 83, 84, 86, 89, 91, 92, 99, 102, 104, 105, 112, 115, 116, 119, 121, 124, 125, 127, 129, 130, 133, 134, 135, 137, 138, 139, 140, 141, 143, 144, 145, 147, 150, 151, 153, 154, 160, 162, 163, 166, 167, 172, 174, 176, 204, 207, 208, 209, 211, 212, 214, 215, 217, 231, 232, 233, 234, 237, 238, 240, 241, 243, 247], "excluded_lines": [], "functions": {"fund": {"executed_lines": [], "summary": {"covered_lines": 0, "num_statements": 17, "percent_covered": 0.0, "percent_covered_display": "0", "missing_lines": 17, "excluded_lines": 0}, "missing_lines": [42, 43, 46, 47, 48, 49, 50, 51, 52, 54, 55, 63, 65, 75, 76, 77, 78], "excluded_lines": []}, "fund_local_network": {"executed_lines": [], "summary": {"covered_lines": 0, "num_statements": 41, "percent_covered": 0.0, "percent_covered_display": "0", "missing_lines": 41, "excluded_lines": 0}, "missing_lines": [83, 84, 86, 89, 91, 92, 99, 102, 104, 105, 112, 115, 116, 119, 121, 124, 125, 127, 129, 130, 133, 134, 135, 137, 138, 139, 140, 141, 143, 144, 145, 147, 150, 151, 153, 154, 160, 162, 163, 166, 167], "excluded_lines": []}, "fund_sepolia_network": {"executed_lines": [], "summary": {"covered_lines": 0, "num_statements": 22, "percent_covered": 0.0, "percent_covered_display": "0", "missing_lines": 22, "excluded_lines": 0}, "missing_lines": [172, 174, 176, 204, 207, 208, 209, 211, 212, 214, 215, 217, 231, 232, 233, 234, 237, 238, 240, 241, 243, 247], "excluded_lines": []}, "": {"executed_lines": [1, 5, 6, 8, 9, 10, 11, 12, 15, 16, 17, 20, 21, 22, 81, 170], "summary": {"covered_lines": 15, "num_statements": 15, "percent_covered": 100.0, "percent_covered_display": "100", "missing_lines": 0, "excluded_lines": 0}, "missing_lines": [], "excluded_lines": []}}, "classes": {"": {"executed_lines": [1, 5, 6, 8, 9, 10, 11, 12, 15, 16, 17, 20, 21, 22, 81, 170], "summary": {"covered_lines": 15, "num_statements": 95, "percent_covered": 15.789473684210526, "percent_covered_display": "16", "missing_lines": 80, "excluded_lines": 0}, "missing_lines": [42, 43, 46, 47, 48, 49, 50, 51, 52, 54, 55, 63, 65, 75, 76, 77, 78, 83, 84, 86, 89, 91, 92, 99, 102, 104, 105, 112, 115, 116, 119, 121, 124, 125, 127, 129, 130, 133, 134, 135, 137, 138, 139, 140, 141, 143, 144, 145, 147, 150, 151, 153, 154, 160, 162, 163, 166, 167, 172, 174, 176, 204, 207, 208, 209, 211, 212, 214, 215, 217, 231, 232, 233, 234, 237, 238, 240, 241, 243, 247], "excluded_lines": []}}}, "varietykit/cli/init.py": {"executed_lines": [1, 5, 6, 8, 9, 10, 11, 12, 13, 14, 15, 16, 19, 20, 21, 29, 30, 31, 32], "summary": {"covered_lines": 18, "num_statements": 92, "percent_covered": 19.565217391304348, "percent_covered_display": "20", "missing_lines": 74, "excluded_lines": 0}, "missing_lines": [43, 44, 46, 55, 56, 57, 60, 61, 62, 63, 64, 65, 68, 69, 71, 74, 75, 76, 77, 80, 81, 82, 85, 86, 88, 89, 92, 93, 95, 99, 100, 103, 106, 108, 111, 119, 120, 121, 122, 123, 125, 126, 127, 128, 129, 132, 134, 135, 139, 141, 142, 149, 152, 154, 155, 162, 163, 165, 168, 170, 171, 174, 175, 176, 179, 180, 184, 187, 188, 200, 202, 203, 204, 205], "excluded_lines": [], "functions": {"init": {"executed_lines": [], "summary": {"covered_lines": 0, "num_statements": 74, "percent_covered": 0.0, "percent_covered_display": "0", "missing_lines": 74, "excluded_lines": 0}, "missing_lines": [43, 44, 46, 55, 56, 57, 60, 61, 62, 63, 64, 65, 68, 69, 71, 74, 75, 76, 77, 80, 81, 82, 85, 86, 88, 89, 92, 93, 95, 99, 100, 103, 106, 108, 111, 119, 120, 121, 122, 123, 125, 126, 127, 128, 129, 132, 134, 135, 139, 141, 142, 149, 152, 154, 155, 162, 163, 165, 168, 170, 171, 174, 175, 176, 179, 180, 184, 187, 188, 200, 202, 203, 204, 205], "excluded_lines": []}, "": {"executed_lines": [1, 5, 6, 8, 9, 10, 11, 12, 13, 14, 15, 16, 19, 20, 21, 29, 30, 31, 32], "summary": {"covered_lines": 18, "num_statements": 18, "percent_covered": 100.0, "percent_covered_display": "100", "missing_lines": 0, "excluded_lines": 0}, "missing_lines": [], "excluded_lines": []}}, "classes": {"": {"executed_lines": [1, 5, 6, 8, 9, 10, 11, 12, 13, 14, 15, 16, 19, 20, 21, 29, 30, 31, 32], "summary": {"covered_lines": 18, "num_statements": 92, "percent_covered": 19.565217391304348, "percent_covered_display": "20", "missing_lines": 74, "excluded_lines": 0}, "missing_lines": [43, 44, 46, 55, 56, 57, 60, 61, 62, 63, 64, 65, 68, 69, 71, 74, 75, 76, 77, 80, 81, 82, 85, 86, 88, 89, 92, 93, 95, 99, 100, 103, 106, 108, 111, 119, 120, 121, 122, 123, 125, 126, 127, 128, 129, 132, 134, 135, 139, 141, 142, 149, 152, 154, 155, 162, 163, 165, 168, 170, 171, 174, 175, 176, 179, 180, 184, 187, 188, 200, 202, 203, 204, 205], "excluded_lines": []}}}, "varietykit/cli/localdepin.py": {"executed_lines": [1, 8, 9, 10, 11, 12, 13, 14, 16, 17, 18, 19, 20, 21, 22, 24, 27, 42, 47, 56, 67, 81, 105, 137, 150, 196, 197, 198, 233, 234, 235, 236, 237, 238, 239, 370, 371, 372, 373, 424, 425, 428, 429, 430, 558, 559, 560, 561, 562, 563, 593, 594, 595, 596, 655], "summary": {"covered_lines": 53, "num_statements": 262, "percent_covered": 20.229007633587788, "percent_covered_display": "20", "missing_lines": 209, "excluded_lines": 2}, "missing_lines": [30, 31, 32, 33, 35, 36, 37, 39, 44, 49, 50, 51, 52, 53, 58, 59, 62, 63, 64, 71, 73, 74, 76, 78, 90, 91, 93, 94, 96, 97, 98, 99, 100, 101, 102, 107, 109, 111, 113, 114, 115, 116, 117, 120, 121, 122, 123, 125, 130, 131, 133, 157, 159, 163, 165, 166, 168, 169, 170, 172, 173, 175, 177, 181, 182, 183, 185, 186, 187, 188, 190, 192, 193, 230, 253, 256, 257, 266, 268, 269, 278, 280, 282, 292, 293, 296, 298, 299, 300, 301, 302, 303, 304, 307, 308, 309, 311, 313, 315, 316, 317, 319, 320, 322, 324, 333, 337, 338, 355, 356, 358, 367, 384, 386, 388, 389, 401, 402, 403, 405, 407, 408, 409, 411, 413, 414, 415, 417, 418, 420, 421, 442, 444, 447, 449, 450, 457, 459, 461, 463, 465, 466, 467, 468, 469, 472, 477, 480, 487, 488, 489, 491, 492, 493, 495, 496, 497, 500, 501, 503, 505, 507, 509, 510, 511, 512, 516, 517, 519, 521, 522, 524, 525, 527, 528, 530, 532, 533, 534, 536, 537, 552, 554, 555, 574, 576, 578, 580, 581, 583, 584, 586, 587, 590, 610, 612, 613, 627, 628, 629, 631, 633, 636, 638, 639, 648, 649, 651, 652], "excluded_lines": [655, 656], "functions": {"get_localdepin_dir": {"executed_lines": [], "summary": {"covered_lines": 0, "num_statements": 8, "percent_covered": 0.0, "percent_covered_display": "0", "missing_lines": 8, "excluded_lines": 0}, "missing_lines": [30, 31, 32, 33, 35, 36, 37, 39], "excluded_lines": []}, "get_docker_compose_path": {"executed_lines": [], "summary": {"covered_lines": 0, "num_statements": 1, "percent_covered": 0.0, "percent_covered_display": "0", "missing_lines": 1, "excluded_lines": 0}, "missing_lines": [44], "excluded_lines": []}, "check_docker_installed": {"executed_lines": [], "summary": {"covered_lines": 0, "num_statements": 5, "percent_covered": 0.0, "percent_covered_display": "0", "missing_lines": 5, "excluded_lines": 0}, "missing_lines": [49, 50, 51, 52, 53], "excluded_lines": []}, "check_docker_compose_installed": {"executed_lines": [], "summary": {"covered_lines": 0, "num_statements": 5, "percent_covered": 0.0, "percent_covered_display": "0", "missing_lines": 5, "excluded_lines": 0}, "missing_lines": [58, 59, 62, 63, 64], "excluded_lines": []}, "run_docker_compose": {"executed_lines": [], "summary": {"covered_lines": 0, "num_statements": 5, "percent_covered": 0.0, "percent_covered_display": "0", "missing_lines": 5, "excluded_lines": 0}, "missing_lines": [71, 73, 74, 76, 78], "excluded_lines": []}, "check_service_health": {"executed_lines": [], "summary": {"covered_lines": 0, "num_statements": 11, "percent_covered": 0.0, "percent_covered_display": "0", "missing_lines": 11, "excluded_lines": 0}, "missing_lines": [90, 91, 93, 94, 96, 97, 98, 99, 100, 101, 102], "excluded_lines": []}, "get_service_status": {"executed_lines": [], "summary": {"covered_lines": 0, "num_statements": 16, "percent_covered": 0.0, "percent_covered_display": "0", "missing_lines": 16, "excluded_lines": 0}, "missing_lines": [107, 109, 111, 113, 114, 115, 116, 117, 120, 121, 122, 123, 125, 130, 131, 133], "excluded_lines": []}, "wait_for_services": {"executed_lines": [], "summary": {"covered_lines": 0, "num_statements": 22, "percent_covered": 0.0, "percent_covered_display": "0", "missing_lines": 22, "excluded_lines": 0}, "missing_lines": [157, 159, 163, 165, 166, 168, 169, 170, 172, 173, 175, 177, 181, 182, 183, 185, 186, 187, 188, 190, 192, 193], "excluded_lines": []}, "localdepin": {"executed_lines": [], "summary": {"covered_lines": 0, "num_statements": 1, "percent_covered": 0.0, "percent_covered_display": "0", "missing_lines": 1, "excluded_lines": 0}, "missing_lines": [230], "excluded_lines": []}, "start": {"executed_lines": [], "summary": {"covered_lines": 0, "num_statements": 38, "percent_covered": 0.0, "percent_covered_display": "0", "missing_lines": 38, "excluded_lines": 0}, "missing_lines": [253, 256, 257, 266, 268, 269, 278, 280, 282, 292, 293, 296, 298, 299, 300, 301, 302, 303, 304, 307, 308, 309, 311, 313, 315, 316, 317, 319, 320, 322, 324, 333, 337, 338, 355, 356, 358, 367], "excluded_lines": []}, "stop": {"executed_lines": [], "summary": {"covered_lines": 0, "num_statements": 19, "percent_covered": 0.0, "percent_covered_display": "0", "missing_lines": 19, "excluded_lines": 0}, "missing_lines": [384, 386, 388, 389, 401, 402, 403, 405, 407, 408, 409, 411, 413, 414, 415, 417, 418, 420, 421], "excluded_lines": []}, "status": {"executed_lines": [], "summary": {"covered_lines": 0, "num_statements": 53, "percent_covered": 0.0, "percent_covered_display": "0", "missing_lines": 53, "excluded_lines": 0}, "missing_lines": [442, 444, 447, 449, 450, 457, 459, 461, 463, 465, 466, 467, 468, 469, 472, 477, 480, 487, 488, 489, 491, 492, 493, 495, 496, 497, 500, 501, 503, 505, 507, 509, 510, 511, 512, 516, 517, 519, 521, 522, 524, 525, 527, 528, 530, 532, 533, 534, 536, 537, 552, 554, 555], "excluded_lines": []}, "logs": {"executed_lines": [], "summary": {"covered_lines": 0, "num_statements": 10, "percent_covered": 0.0, "percent_covered_display": "0", "missing_lines": 10, "excluded_lines": 0}, "missing_lines": [574, 576, 578, 580, 581, 583, 584, 586, 587, 590], "excluded_lines": []}, "reset": {"executed_lines": [], "summary": {"covered_lines": 0, "num_statements": 15, "percent_covered": 0.0, "percent_covered_display": "0", "missing_lines": 15, "excluded_lines": 0}, "missing_lines": [610, 612, 613, 627, 628, 629, 631, 633, 636, 638, 639, 648, 649, 651, 652], "excluded_lines": []}, "": {"executed_lines": [1, 8, 9, 10, 11, 12, 13, 14, 16, 17, 18, 19, 20, 21, 22, 24, 27, 42, 47, 56, 67, 81, 105, 137, 150, 196, 197, 198, 233, 234, 235, 236, 237, 238, 239, 370, 371, 372, 373, 424, 425, 428, 429, 430, 558, 559, 560, 561, 562, 563, 593, 594, 595, 596, 655], "summary": {"covered_lines": 53, "num_statements": 53, "percent_covered": 100.0, "percent_covered_display": "100", "missing_lines": 0, "excluded_lines": 2}, "missing_lines": [], "excluded_lines": [655, 656]}}, "classes": {"": {"executed_lines": [1, 8, 9, 10, 11, 12, 13, 14, 16, 17, 18, 19, 20, 21, 22, 24, 27, 42, 47, 56, 67, 81, 105, 137, 150, 196, 197, 198, 233, 234, 235, 236, 237, 238, 239, 370, 371, 372, 373, 424, 425, 428, 429, 430, 558, 559, 560, 561, 562, 563, 593, 594, 595, 596, 655], "summary": {"covered_lines": 53, "num_statements": 262, "percent_covered": 20.229007633587788, "percent_covered_display": "20", "missing_lines": 209, "excluded_lines": 2}, "missing_lines": [30, 31, 32, 33, 35, 36, 37, 39, 44, 49, 50, 51, 52, 53, 58, 59, 62, 63, 64, 71, 73, 74, 76, 78, 90, 91, 93, 94, 96, 97, 98, 99, 100, 101, 102, 107, 109, 111, 113, 114, 115, 116, 117, 120, 121, 122, 123, 125, 130, 131, 133, 157, 159, 163, 165, 166, 168, 169, 170, 172, 173, 175, 177, 181, 182, 183, 185, 186, 187, 188, 190, 192, 193, 230, 253, 256, 257, 266, 268, 269, 278, 280, 282, 292, 293, 296, 298, 299, 300, 301, 302, 303, 304, 307, 308, 309, 311, 313, 315, 316, 317, 319, 320, 322, 324, 333, 337, 338, 355, 356, 358, 367, 384, 386, 388, 389, 401, 402, 403, 405, 407, 408, 409, 411, 413, 414, 415, 417, 418, 420, 421, 442, 444, 447, 449, 450, 457, 459, 461, 463, 465, 466, 467, 468, 469, 472, 477, 480, 487, 488, 489, 491, 492, 493, 495, 496, 497, 500, 501, 503, 505, 507, 509, 510, 511, 512, 516, 517, 519, 521, 522, 524, 525, 527, 528, 530, 532, 533, 534, 536, 537, 552, 554, 555, 574, 576, 578, 580, 581, 583, 584, 586, 587, 590, 610, 612, 613, 627, 628, 629, 631, 633, 636, 638, 639, 648, 649, 651, 652], "excluded_lines": [655, 656]}}}, "varietykit/cli/localnet.py": {"executed_lines": [1, 5, 6, 7, 8, 10, 11, 12, 13, 14, 15, 16, 19, 20, 21, 52, 65, 101, 102, 103, 151, 152, 153, 178, 179, 180, 181, 229, 230, 231, 250, 251, 252, 253, 254, 255, 314, 315, 316, 392, 393, 394, 471, 472, 473, 474, 626, 627, 628, 629, 630], "summary": {"covered_lines": 50, "num_statements": 243, "percent_covered": 20.5761316872428, "percent_covered_display": "21", "missing_lines": 193, "excluded_lines": 0}, "missing_lines": [49, 55, 56, 58, 60, 62, 67, 68, 70, 71, 80, 82, 84, 91, 93, 94, 97, 98, 129, 130, 132, 140, 142, 144, 145, 147, 148, 162, 163, 165, 166, 168, 170, 171, 172, 174, 175, 196, 197, 199, 200, 213, 214, 215, 217, 218, 220, 222, 223, 225, 226, 238, 239, 241, 243, 245, 246, 247, 278, 279, 281, 283, 284, 291, 294, 296, 297, 299, 300, 302, 303, 304, 305, 306, 307, 310, 311, 326, 327, 329, 330, 332, 333, 339, 341, 342, 343, 345, 354, 355, 356, 357, 358, 360, 361, 368, 369, 370, 372, 373, 375, 376, 377, 378, 380, 382, 383, 388, 389, 400, 401, 403, 406, 412, 413, 414, 416, 431, 432, 434, 435, 436, 439, 451, 467, 468, 487, 488, 490, 492, 499, 501, 502, 504, 505, 506, 513, 515, 518, 519, 540, 541, 562, 563, 585, 591, 592, 594, 595, 604, 606, 607, 613, 614, 616, 617, 622, 623, 637, 638, 640, 641, 643, 644, 651, 653, 654, 663, 664, 665, 667, 669, 671, 672, 675, 676, 694, 695, 713, 714, 733, 734, 736, 737, 744, 746, 747, 753, 754, 756, 757, 762, 763], "excluded_lines": [], "functions": {"localnet": {"executed_lines": [], "summary": {"covered_lines": 0, "num_statements": 1, "percent_covered": 0.0, "percent_covered_display": "0", "missing_lines": 1, "excluded_lines": 0}, "missing_lines": [49], "excluded_lines": []}, "get_localdepin_dir": {"executed_lines": [], "summary": {"covered_lines": 0, "num_statements": 5, "percent_covered": 0.0, "percent_covered_display": "0", "missing_lines": 5, "excluded_lines": 0}, "missing_lines": [55, 56, 58, 60, 62], "excluded_lines": []}, "run_script": {"executed_lines": [], "summary": {"covered_lines": 0, "num_statements": 12, "percent_covered": 0.0, "percent_covered_display": "0", "missing_lines": 12, "excluded_lines": 0}, "missing_lines": [67, 68, 70, 71, 80, 82, 84, 91, 93, 94, 97, 98], "excluded_lines": []}, "start": {"executed_lines": [], "summary": {"covered_lines": 0, "num_statements": 9, "percent_covered": 0.0, "percent_covered_display": "0", "missing_lines": 9, "excluded_lines": 0}, "missing_lines": [129, 130, 132, 140, 142, 144, 145, 147, 148], "excluded_lines": []}, "stop": {"executed_lines": [], "summary": {"covered_lines": 0, "num_statements": 10, "percent_covered": 0.0, "percent_covered_display": "0", "missing_lines": 10, "excluded_lines": 0}, "missing_lines": [162, 163, 165, 166, 168, 170, 171, 172, 174, 175], "excluded_lines": []}, "reset": {"executed_lines": [], "summary": {"covered_lines": 0, "num_statements": 14, "percent_covered": 0.0, "percent_covered_display": "0", "missing_lines": 14, "excluded_lines": 0}, "missing_lines": [196, 197, 199, 200, 213, 214, 215, 217, 218, 220, 222, 223, 225, 226], "excluded_lines": []}, "status": {"executed_lines": [], "summary": {"covered_lines": 0, "num_statements": 7, "percent_covered": 0.0, "percent_covered_display": "0", "missing_lines": 7, "excluded_lines": 0}, "missing_lines": [238, 239, 241, 243, 245, 246, 247], "excluded_lines": []}, "logs": {"executed_lines": [], "summary": {"covered_lines": 0, "num_statements": 19, "percent_covered": 0.0, "percent_covered_display": "0", "missing_lines": 19, "excluded_lines": 0}, "missing_lines": [278, 279, 281, 283, 284, 291, 294, 296, 297, 299, 300, 302, 303, 304, 305, 306, 307, 310, 311], "excluded_lines": []}, "accounts": {"executed_lines": [], "summary": {"covered_lines": 0, "num_statements": 32, "percent_covered": 0.0, "percent_covered_display": "0", "missing_lines": 32, "excluded_lines": 0}, "missing_lines": [326, 327, 329, 330, 332, 333, 339, 341, 342, 343, 345, 354, 355, 356, 357, 358, 360, 361, 368, 369, 370, 372, 373, 375, 376, 377, 378, 380, 382, 383, 388, 389], "excluded_lines": []}, "info": {"executed_lines": [], "summary": {"covered_lines": 0, "num_statements": 17, "percent_covered": 0.0, "percent_covered_display": "0", "missing_lines": 17, "excluded_lines": 0}, "missing_lines": [400, 401, 403, 406, 412, 413, 414, 416, 431, 432, 434, 435, 436, 439, 451, 467, 468], "excluded_lines": []}, "snapshot": {"executed_lines": [], "summary": {"covered_lines": 0, "num_statements": 32, "percent_covered": 0.0, "percent_covered_display": "0", "missing_lines": 32, "excluded_lines": 0}, "missing_lines": [487, 488, 490, 492, 499, 501, 502, 504, 505, 506, 513, 515, 518, 519, 540, 541, 562, 563, 585, 591, 592, 594, 595, 604, 606, 607, 613, 614, 616, 617, 622, 623], "excluded_lines": []}, "restore": {"executed_lines": [], "summary": {"covered_lines": 0, "num_statements": 35, "percent_covered": 0.0, "percent_covered_display": "0", "missing_lines": 35, "excluded_lines": 0}, "missing_lines": [637, 638, 640, 641, 643, 644, 651, 653, 654, 663, 664, 665, 667, 669, 671, 672, 675, 676, 694, 695, 713, 714, 733, 734, 736, 737, 744, 746, 747, 753, 754, 756, 757, 762, 763], "excluded_lines": []}, "": {"executed_lines": [1, 5, 6, 7, 8, 10, 11, 12, 13, 14, 15, 16, 19, 20, 21, 52, 65, 101, 102, 103, 151, 152, 153, 178, 179, 180, 181, 229, 230, 231, 250, 251, 252, 253, 254, 255, 314, 315, 316, 392, 393, 394, 471, 472, 473, 474, 626, 627, 628, 629, 630], "summary": {"covered_lines": 50, "num_statements": 50, "percent_covered": 100.0, "percent_covered_display": "100", "missing_lines": 0, "excluded_lines": 0}, "missing_lines": [], "excluded_lines": []}}, "classes": {"": {"executed_lines": [1, 5, 6, 7, 8, 10, 11, 12, 13, 14, 15, 16, 19, 20, 21, 52, 65, 101, 102, 103, 151, 152, 153, 178, 179, 180, 181, 229, 230, 231, 250, 251, 252, 253, 254, 255, 314, 315, 316, 392, 393, 394, 471, 472, 473, 474, 626, 627, 628, 629, 630], "summary": {"covered_lines": 50, "num_statements": 243, "percent_covered": 20.5761316872428, "percent_covered_display": "21", "missing_lines": 193, "excluded_lines": 0}, "missing_lines": [49, 55, 56, 58, 60, 62, 67, 68, 70, 71, 80, 82, 84, 91, 93, 94, 97, 98, 129, 130, 132, 140, 142, 144, 145, 147, 148, 162, 163, 165, 166, 168, 170, 171, 172, 174, 175, 196, 197, 199, 200, 213, 214, 215, 217, 218, 220, 222, 223, 225, 226, 238, 239, 241, 243, 245, 246, 247, 278, 279, 281, 283, 284, 291, 294, 296, 297, 299, 300, 302, 303, 304, 305, 306, 307, 310, 311, 326, 327, 329, 330, 332, 333, 339, 341, 342, 343, 345, 354, 355, 356, 357, 358, 360, 361, 368, 369, 370, 372, 373, 375, 376, 377, 378, 380, 382, 383, 388, 389, 400, 401, 403, 406, 412, 413, 414, 416, 431, 432, 434, 435, 436, 439, 451, 467, 468, 487, 488, 490, 492, 499, 501, 502, 504, 505, 506, 513, 515, 518, 519, 540, 541, 562, 563, 585, 591, 592, 594, 595, 604, 606, 607, 613, 614, 616, 617, 622, 623, 637, 638, 640, 641, 643, 644, 651, 653, 654, 663, 664, 665, 667, 669, 671, 672, 675, 676, 694, 695, 713, 714, 733, 734, 736, 737, 744, 746, 747, 753, 754, 756, 757, 762, 763], "excluded_lines": []}}}, "varietykit/cli/main.py": {"executed_lines": [1, 5, 7, 8, 9, 13, 14, 15, 16, 17, 18, 19, 43, 44, 45, 46, 47, 50, 51, 52, 53, 54, 55, 56, 57, 58, 59, 60, 61, 64, 65, 66, 67, 68, 69, 70, 71, 72, 73, 74, 75, 76, 77, 78, 79, 80, 83], "summary": {"covered_lines": 45, "num_statements": 55, "percent_covered": 81.81818181818181, "percent_covered_display": "82", "missing_lines": 10, "excluded_lines": 2}, "missing_lines": [26, 27, 28, 29, 31, 34, 35, 36, 37, 38], "excluded_lines": [83, 84], "functions": {"cli": {"executed_lines": [], "summary": {"covered_lines": 0, "num_statements": 10, "percent_covered": 0.0, "percent_covered_display": "0", "missing_lines": 10, "excluded_lines": 0}, "missing_lines": [26, 27, 28, 29, 31, 34, 35, 36, 37, 38], "excluded_lines": []}, "": {"executed_lines": [1, 5, 7, 8, 9, 13, 14, 15, 16, 17, 18, 19, 43, 44, 45, 46, 47, 50, 51, 52, 53, 54, 55, 56, 57, 58, 59, 60, 61, 64, 65, 66, 67, 68, 69, 70, 71, 72, 73, 74, 75, 76, 77, 78, 79, 80, 83], "summary": {"covered_lines": 45, "num_statements": 45, "percent_covered": 100.0, "percent_covered_display": "100", "missing_lines": 0, "excluded_lines": 2}, "missing_lines": [], "excluded_lines": [83, 84]}}, "classes": {"": {"executed_lines": [1, 5, 7, 8, 9, 13, 14, 15, 16, 17, 18, 19, 43, 44, 45, 46, 47, 50, 51, 52, 53, 54, 55, 56, 57, 58, 59, 60, 61, 64, 65, 66, 67, 68, 69, 70, 71, 72, 73, 74, 75, 76, 77, 78, 79, 80, 83], "summary": {"covered_lines": 45, "num_statements": 55, "percent_covered": 81.81818181818181, "percent_covered_display": "82", "missing_lines": 10, "excluded_lines": 2}, "missing_lines": [26, 27, 28, 29, 31, 34, 35, 36, 37, 38], "excluded_lines": [83, 84]}}}, "varietykit/cli/marketing.py": {"executed_lines": [1, 5, 6, 7, 8, 9, 11, 12, 13, 14, 15, 16, 17, 19, 22, 23, 53, 60, 67, 77, 93, 94, 97, 98, 99, 100, 472, 473, 532, 533, 534, 535, 591, 592, 593], "summary": {"covered_lines": 34, "num_statements": 226, "percent_covered": 15.044247787610619, "percent_covered_display": "15", "missing_lines": 192, "excluded_lines": 0}, "missing_lines": [50, 55, 56, 57, 62, 63, 64, 69, 70, 71, 73, 74, 79, 131, 140, 141, 144, 145, 146, 149, 150, 152, 155, 157, 161, 162, 163, 165, 167, 170, 172, 173, 175, 178, 180, 203, 204, 205, 207, 209, 210, 213, 214, 216, 219, 221, 223, 224, 225, 227, 229, 231, 234, 236, 239, 240, 241, 242, 244, 247, 249, 274, 275, 276, 278, 281, 282, 283, 285, 286, 287, 288, 290, 292, 293, 294, 295, 296, 298, 299, 300, 301, 303, 306, 307, 311, 312, 313, 315, 321, 323, 325, 343, 344, 345, 347, 348, 349, 350, 352, 353, 354, 355, 357, 358, 359, 361, 362, 363, 366, 368, 369, 372, 374, 377, 379, 398, 399, 401, 402, 405, 407, 409, 429, 430, 431, 432, 433, 434, 435, 436, 437, 438, 439, 441, 442, 445, 454, 457, 458, 484, 486, 487, 495, 497, 511, 513, 514, 515, 516, 519, 520, 523, 525, 526, 528, 529, 552, 554, 555, 556, 558, 560, 574, 575, 577, 578, 581, 583, 584, 585, 586, 587, 588, 604, 606, 607, 608, 610, 611, 622, 623, 624, 626, 628, 650, 651, 652, 654, 657, 658, 659], "excluded_lines": [], "functions": {"marketing": {"executed_lines": [], "summary": {"covered_lines": 0, "num_statements": 1, "percent_covered": 0.0, "percent_covered_display": "0", "missing_lines": 1, "excluded_lines": 0}, "missing_lines": [50], "excluded_lines": []}, "get_deployment_info_file": {"executed_lines": [], "summary": {"covered_lines": 0, "num_statements": 3, "percent_covered": 0.0, "percent_covered_display": "0", "missing_lines": 3, "excluded_lines": 0}, "missing_lines": [55, 56, 57], "excluded_lines": []}, "save_deployment_info": {"executed_lines": [], "summary": {"covered_lines": 0, "num_statements": 3, "percent_covered": 0.0, "percent_covered_display": "0", "missing_lines": 3, "excluded_lines": 0}, "missing_lines": [62, 63, 64], "excluded_lines": []}, "load_deployment_info": {"executed_lines": [], "summary": {"covered_lines": 0, "num_statements": 5, "percent_covered": 0.0, "percent_covered_display": "0", "missing_lines": 5, "excluded_lines": 0}, "missing_lines": [69, 70, 71, 73, 74], "excluded_lines": []}, "get_akash_config": {"executed_lines": [], "summary": {"covered_lines": 0, "num_statements": 1, "percent_covered": 0.0, "percent_covered_display": "0", "missing_lines": 1, "excluded_lines": 0}, "missing_lines": [79], "excluded_lines": []}, "deploy": {"executed_lines": [], "summary": {"covered_lines": 0, "num_statements": 127, "percent_covered": 0.0, "percent_covered_display": "0", "missing_lines": 127, "excluded_lines": 0}, "missing_lines": [131, 140, 141, 144, 145, 146, 149, 150, 152, 155, 157, 161, 162, 163, 165, 167, 170, 172, 173, 175, 178, 180, 203, 204, 205, 207, 209, 210, 213, 214, 216, 219, 221, 223, 224, 225, 227, 229, 231, 234, 236, 239, 240, 241, 242, 244, 247, 249, 274, 275, 276, 278, 281, 282, 283, 285, 286, 287, 288, 290, 292, 293, 294, 295, 296, 298, 299, 300, 301, 303, 306, 307, 311, 312, 313, 315, 321, 323, 325, 343, 344, 345, 347, 348, 349, 350, 352, 353, 354, 355, 357, 358, 359, 361, 362, 363, 366, 368, 369, 372, 374, 377, 379, 398, 399, 401, 402, 405, 407, 409, 429, 430, 431, 432, 433, 434, 435, 436, 437, 438, 439, 441, 442, 445, 454, 457, 458], "excluded_lines": []}, "status": {"executed_lines": [], "summary": {"covered_lines": 0, "num_statements": 17, "percent_covered": 0.0, "percent_covered_display": "0", "missing_lines": 17, "excluded_lines": 0}, "missing_lines": [484, 486, 487, 495, 497, 511, 513, 514, 515, 516, 519, 520, 523, 525, 526, 528, 529], "excluded_lines": []}, "logs": {"executed_lines": [], "summary": {"covered_lines": 0, "num_statements": 17, "percent_covered": 0.0, "percent_covered_display": "0", "missing_lines": 17, "excluded_lines": 0}, "missing_lines": [552, 554, 555, 556, 558, 560, 574, 575, 577, 578, 581, 583, 584, 585, 586, 587, 588], "excluded_lines": []}, "close": {"executed_lines": [], "summary": {"covered_lines": 0, "num_statements": 18, "percent_covered": 0.0, "percent_covered_display": "0", "missing_lines": 18, "excluded_lines": 0}, "missing_lines": [604, 606, 607, 608, 610, 611, 622, 623, 624, 626, 628, 650, 651, 652, 654, 657, 658, 659], "excluded_lines": []}, "": {"executed_lines": [1, 5, 6, 7, 8, 9, 11, 12, 13, 14, 15, 16, 17, 19, 22, 23, 53, 60, 67, 77, 93, 94, 97, 98, 99, 100, 472, 473, 532, 533, 534, 535, 591, 592, 593], "summary": {"covered_lines": 34, "num_statements": 34, "percent_covered": 100.0, "percent_covered_display": "100", "missing_lines": 0, "excluded_lines": 0}, "missing_lines": [], "excluded_lines": []}}, "classes": {"": {"executed_lines": [1, 5, 6, 7, 8, 9, 11, 12, 13, 14, 15, 16, 17, 19, 22, 23, 53, 60, 67, 77, 93, 94, 97, 98, 99, 100, 472, 473, 532, 533, 534, 535, 591, 592, 593], "summary": {"covered_lines": 34, "num_statements": 226, "percent_covered": 15.044247787610619, "percent_covered_display": "15", "missing_lines": 192, "excluded_lines": 0}, "missing_lines": [50, 55, 56, 57, 62, 63, 64, 69, 70, 71, 73, 74, 79, 131, 140, 141, 144, 145, 146, 149, 150, 152, 155, 157, 161, 162, 163, 165, 167, 170, 172, 173, 175, 178, 180, 203, 204, 205, 207, 209, 210, 213, 214, 216, 219, 221, 223, 224, 225, 227, 229, 231, 234, 236, 239, 240, 241, 242, 244, 247, 249, 274, 275, 276, 278, 281, 282, 283, 285, 286, 287, 288, 290, 292, 293, 294, 295, 296, 298, 299, 300, 301, 303, 306, 307, 311, 312, 313, 315, 321, 323, 325, 343, 344, 345, 347, 348, 349, 350, 352, 353, 354, 355, 357, 358, 359, 361, 362, 363, 366, 368, 369, 372, 374, 377, 379, 398, 399, 401, 402, 405, 407, 409, 429, 430, 431, 432, 433, 434, 435, 436, 437, 438, 439, 441, 442, 445, 454, 457, 458, 484, 486, 487, 495, 497, 511, 513, 514, 515, 516, 519, 520, 523, 525, 526, 528, 529, 552, 554, 555, 556, 558, 560, 574, 575, 577, 578, 581, 583, 584, 585, 586, 587, 588, 604, 606, 607, 608, 610, 611, 622, 623, 624, 626, 628, 650, 651, 652, 654, 657, 658, 659], "excluded_lines": []}}}, "varietykit/cli/marketplace.py": {"executed_lines": [1, 6, 7, 8, 9, 10, 12, 13, 14, 15, 16, 17, 18, 19, 20, 23, 24, 25, 66, 67, 68, 69, 70, 71, 72, 352, 353, 354, 355, 356, 357, 358, 359, 508, 509, 510, 511, 512, 513, 653, 654, 655, 737, 738, 739, 740, 741, 792, 793, 794, 795, 796], "summary": {"covered_lines": 51, "num_statements": 280, "percent_covered": 18.214285714285715, "percent_covered_display": "18", "missing_lines": 229, "excluded_lines": 0}, "missing_lines": [63, 109, 110, 113, 114, 116, 117, 125, 128, 129, 131, 140, 142, 145, 148, 149, 151, 153, 154, 163, 165, 166, 169, 172, 173, 174, 175, 176, 178, 181, 182, 184, 185, 186, 189, 190, 192, 193, 196, 199, 200, 210, 211, 213, 216, 219, 222, 223, 225, 226, 227, 228, 229, 236, 237, 239, 240, 242, 243, 244, 246, 251, 252, 253, 254, 255, 258, 260, 261, 262, 264, 265, 266, 267, 270, 272, 273, 274, 277, 279, 281, 284, 287, 289, 291, 292, 293, 296, 298, 315, 316, 317, 319, 322, 327, 330, 331, 349, 382, 383, 385, 394, 453, 455, 456, 464, 465, 467, 468, 470, 471, 473, 475, 476, 477, 480, 486, 487, 488, 489, 490, 491, 493, 494, 503, 504, 505, 540, 541, 543, 552, 563, 564, 565, 566, 568, 569, 570, 571, 574, 575, 577, 580, 582, 584, 590, 592, 594, 597, 599, 600, 601, 603, 604, 605, 608, 610, 616, 617, 618, 623, 624, 626, 627, 629, 631, 634, 635, 650, 669, 670, 672, 681, 708, 709, 710, 711, 712, 715, 717, 718, 719, 720, 721, 722, 724, 725, 733, 734, 760, 761, 763, 764, 765, 766, 768, 771, 773, 775, 789, 815, 816, 819, 820, 822, 823, 826, 828, 829, 831, 839, 841, 842, 843, 845, 846, 847, 848, 850, 851, 852, 854, 855, 856, 858, 859, 861, 862, 864], "excluded_lines": [], "functions": {"marketplace": {"executed_lines": [], "summary": {"covered_lines": 0, "num_statements": 1, "percent_covered": 0.0, "percent_covered_display": "0", "missing_lines": 1, "excluded_lines": 0}, "missing_lines": [63], "excluded_lines": []}, "publish": {"executed_lines": [], "summary": {"covered_lines": 0, "num_statements": 97, "percent_covered": 0.0, "percent_covered_display": "0", "missing_lines": 97, "excluded_lines": 0}, "missing_lines": [109, 110, 113, 114, 116, 117, 125, 128, 129, 131, 140, 142, 145, 148, 149, 151, 153, 154, 163, 165, 166, 169, 172, 173, 174, 175, 176, 178, 181, 182, 184, 185, 186, 189, 190, 192, 193, 196, 199, 200, 210, 211, 213, 216, 219, 222, 223, 225, 226, 227, 228, 229, 236, 237, 239, 240, 242, 243, 244, 246, 251, 252, 253, 254, 255, 258, 260, 261, 262, 264, 265, 266, 267, 270, 272, 273, 274, 277, 279, 281, 284, 287, 289, 291, 292, 293, 296, 298, 315, 316, 317, 319, 322, 327, 330, 331, 349], "excluded_lines": []}, "search": {"executed_lines": [], "summary": {"covered_lines": 0, "num_statements": 29, "percent_covered": 0.0, "percent_covered_display": "0", "missing_lines": 29, "excluded_lines": 0}, "missing_lines": [382, 383, 385, 394, 453, 455, 456, 464, 465, 467, 468, 470, 471, 473, 475, 476, 477, 480, 486, 487, 488, 489, 490, 491, 493, 494, 503, 504, 505], "excluded_lines": []}, "install": {"executed_lines": [], "summary": {"covered_lines": 0, "num_statements": 42, "percent_covered": 0.0, "percent_covered_display": "0", "missing_lines": 42, "excluded_lines": 0}, "missing_lines": [540, 541, 543, 552, 563, 564, 565, 566, 568, 569, 570, 571, 574, 575, 577, 580, 582, 584, 590, 592, 594, 597, 599, 600, 601, 603, 604, 605, 608, 610, 616, 617, 618, 623, 624, 626, 627, 629, 631, 634, 635, 650], "excluded_lines": []}, "stats": {"executed_lines": [], "summary": {"covered_lines": 0, "num_statements": 20, "percent_covered": 0.0, "percent_covered_display": "0", "missing_lines": 20, "excluded_lines": 0}, "missing_lines": [669, 670, 672, 681, 708, 709, 710, 711, 712, 715, 717, 718, 719, 720, 721, 722, 724, 725, 733, 734], "excluded_lines": []}, "unpublish": {"executed_lines": [], "summary": {"covered_lines": 0, "num_statements": 11, "percent_covered": 0.0, "percent_covered_display": "0", "missing_lines": 11, "excluded_lines": 0}, "missing_lines": [760, 761, 763, 764, 765, 766, 768, 771, 773, 775, 789], "excluded_lines": []}, "update": {"executed_lines": [], "summary": {"covered_lines": 0, "num_statements": 29, "percent_covered": 0.0, "percent_covered_display": "0", "missing_lines": 29, "excluded_lines": 0}, "missing_lines": [815, 816, 819, 820, 822, 823, 826, 828, 829, 831, 839, 841, 842, 843, 845, 846, 847, 848, 850, 851, 852, 854, 855, 856, 858, 859, 861, 862, 864], "excluded_lines": []}, "": {"executed_lines": [1, 6, 7, 8, 9, 10, 12, 13, 14, 15, 16, 17, 18, 19, 20, 23, 24, 25, 66, 67, 68, 69, 70, 71, 72, 352, 353, 354, 355, 356, 357, 358, 359, 508, 509, 510, 511, 512, 513, 653, 654, 655, 737, 738, 739, 740, 741, 792, 793, 794, 795, 796], "summary": {"covered_lines": 51, "num_statements": 51, "percent_covered": 100.0, "percent_covered_display": "100", "missing_lines": 0, "excluded_lines": 0}, "missing_lines": [], "excluded_lines": []}}, "classes": {"": {"executed_lines": [1, 6, 7, 8, 9, 10, 12, 13, 14, 15, 16, 17, 18, 19, 20, 23, 24, 25, 66, 67, 68, 69, 70, 71, 72, 352, 353, 354, 355, 356, 357, 358, 359, 508, 509, 510, 511, 512, 513, 653, 654, 655, 737, 738, 739, 740, 741, 792, 793, 794, 795, 796], "summary": {"covered_lines": 51, "num_statements": 280, "percent_covered": 18.214285714285715, "percent_covered_display": "18", "missing_lines": 229, "excluded_lines": 0}, "missing_lines": [63, 109, 110, 113, 114, 116, 117, 125, 128, 129, 131, 140, 142, 145, 148, 149, 151, 153, 154, 163, 165, 166, 169, 172, 173, 174, 175, 176, 178, 181, 182, 184, 185, 186, 189, 190, 192, 193, 196, 199, 200, 210, 211, 213, 216, 219, 222, 223, 225, 226, 227, 228, 229, 236, 237, 239, 240, 242, 243, 244, 246, 251, 252, 253, 254, 255, 258, 260, 261, 262, 264, 265, 266, 267, 270, 272, 273, 274, 277, 279, 281, 284, 287, 289, 291, 292, 293, 296, 298, 315, 316, 317, 319, 322, 327, 330, 331, 349, 382, 383, 385, 394, 453, 455, 456, 464, 465, 467, 468, 470, 471, 473, 475, 476, 477, 480, 486, 487, 488, 489, 490, 491, 493, 494, 503, 504, 505, 540, 541, 543, 552, 563, 564, 565, 566, 568, 569, 570, 571, 574, 575, 577, 580, 582, 584, 590, 592, 594, 597, 599, 600, 601, 603, 604, 605, 608, 610, 616, 617, 618, 623, 624, 626, 627, 629, 631, 634, 635, 650, 669, 670, 672, 681, 708, 709, 710, 711, 712, 715, 717, 718, 719, 720, 721, 722, 724, 725, 733, 734, 760, 761, 763, 764, 765, 766, 768, 771, 773, 775, 789, 815, 816, 819, 820, 822, 823, 826, 828, 829, 831, 839, 841, 842, 843, 845, 846, 847, 848, 850, 851, 852, 854, 855, 856, 858, 859, 861, 862, 864], "excluded_lines": []}}}, "varietykit/cli/migrate.py": {"executed_lines": [1, 8, 9, 10, 11, 13, 14, 15, 17, 20, 40, 57, 58, 59, 103, 104, 105, 106, 107, 110, 111, 112, 113, 114, 159, 160, 161, 162, 163, 166, 167, 168, 169, 170, 215, 216, 217, 218, 241, 242, 243, 244, 266, 267, 270, 271, 272, 273, 274, 275, 325, 326, 327, 328, 329, 330, 331, 332, 333, 334, 381, 382, 383, 408, 409, 410, 411, 412, 413, 414, 415, 416, 422, 423], "summary": {"covered_lines": 73, "num_statements": 162, "percent_covered": 45.06172839506173, "percent_covered_display": "45", "missing_lines": 89, "excluded_lines": 0}, "missing_lines": [22, 23, 36, 37, 42, 43, 48, 49, 50, 51, 52, 53, 54, 99, 100, 141, 143, 144, 145, 146, 147, 148, 149, 150, 151, 152, 153, 154, 156, 197, 199, 200, 201, 202, 203, 204, 205, 206, 207, 208, 209, 210, 212, 237, 238, 262, 263, 311, 313, 314, 315, 316, 317, 318, 319, 320, 322, 363, 365, 366, 367, 368, 369, 370, 371, 372, 373, 374, 375, 376, 378, 404, 405, 460, 462, 463, 464, 465, 466, 467, 468, 469, 470, 471, 472, 473, 474, 475, 477], "excluded_lines": [], "functions": {"check_varity_migrate_installed": {"executed_lines": [], "summary": {"covered_lines": 0, "num_statements": 4, "percent_covered": 0.0, "percent_covered_display": "0", "missing_lines": 4, "excluded_lines": 0}, "missing_lines": [22, 23, 36, 37], "excluded_lines": []}, "run_varity_migrate": {"executed_lines": [], "summary": {"covered_lines": 0, "num_statements": 9, "percent_covered": 0.0, "percent_covered_display": "0", "missing_lines": 9, "excluded_lines": 0}, "missing_lines": [42, 43, 48, 49, 50, 51, 52, 53, 54], "excluded_lines": []}, "migrate": {"executed_lines": [], "summary": {"covered_lines": 0, "num_statements": 2, "percent_covered": 0.0, "percent_covered_display": "0", "missing_lines": 2, "excluded_lines": 0}, "missing_lines": [99, 100], "excluded_lines": []}, "s3_migrate": {"executed_lines": [], "summary": {"covered_lines": 0, "num_statements": 14, "percent_covered": 0.0, "percent_covered_display": "0", "missing_lines": 14, "excluded_lines": 0}, "missing_lines": [141, 143, 144, 145, 146, 147, 148, 149, 150, 151, 152, 153, 154, 156], "excluded_lines": []}, "gcs_migrate": {"executed_lines": [], "summary": {"covered_lines": 0, "num_statements": 14, "percent_covered": 0.0, "percent_covered_display": "0", "missing_lines": 14, "excluded_lines": 0}, "missing_lines": [197, 199, 200, 201, 202, 203, 204, 205, 206, 207, 208, 209, 210, 212], "excluded_lines": []}, "status": {"executed_lines": [], "summary": {"covered_lines": 0, "num_statements": 2, "percent_covered": 0.0, "percent_covered_display": "0", "missing_lines": 2, "excluded_lines": 0}, "missing_lines": [237, 238], "excluded_lines": []}, "verify": {"executed_lines": [], "summary": {"covered_lines": 0, "num_statements": 2, "percent_covered": 0.0, "percent_covered_display": "0", "missing_lines": 2, "excluded_lines": 0}, "missing_lines": [262, 263], "excluded_lines": []}, "verify_chain": {"executed_lines": [], "summary": {"covered_lines": 0, "num_statements": 10, "percent_covered": 0.0, "percent_covered_display": "0", "missing_lines": 10, "excluded_lines": 0}, "missing_lines": [311, 313, 314, 315, 316, 317, 318, 319, 320, 322], "excluded_lines": []}, "preflight": {"executed_lines": [], "summary": {"covered_lines": 0, "num_statements": 14, "percent_covered": 0.0, "percent_covered_display": "0", "missing_lines": 14, "excluded_lines": 0}, "missing_lines": [363, 365, 366, 367, 368, 369, 370, 371, 372, 373, 374, 375, 376, 378], "excluded_lines": []}, "chains": {"executed_lines": [], "summary": {"covered_lines": 0, "num_statements": 2, "percent_covered": 0.0, "percent_covered_display": "0", "missing_lines": 2, "excluded_lines": 0}, "missing_lines": [404, 405], "excluded_lines": []}, "report": {"executed_lines": [], "summary": {"covered_lines": 0, "num_statements": 16, "percent_covered": 0.0, "percent_covered_display": "0", "missing_lines": 16, "excluded_lines": 0}, "missing_lines": [460, 462, 463, 464, 465, 466, 467, 468, 469, 470, 471, 472, 473, 474, 475, 477], "excluded_lines": []}, "": {"executed_lines": [1, 8, 9, 10, 11, 13, 14, 15, 17, 20, 40, 57, 58, 59, 103, 104, 105, 106, 107, 110, 111, 112, 113, 114, 159, 160, 161, 162, 163, 166, 167, 168, 169, 170, 215, 216, 217, 218, 241, 242, 243, 244, 266, 267, 270, 271, 272, 273, 274, 275, 325, 326, 327, 328, 329, 330, 331, 332, 333, 334, 381, 382, 383, 408, 409, 410, 411, 412, 413, 414, 415, 416, 422, 423], "summary": {"covered_lines": 73, "num_statements": 73, "percent_covered": 100.0, "percent_covered_display": "100", "missing_lines": 0, "excluded_lines": 0}, "missing_lines": [], "excluded_lines": []}}, "classes": {"": {"executed_lines": [1, 8, 9, 10, 11, 13, 14, 15, 17, 20, 40, 57, 58, 59, 103, 104, 105, 106, 107, 110, 111, 112, 113, 114, 159, 160, 161, 162, 163, 166, 167, 168, 169, 170, 215, 216, 217, 218, 241, 242, 243, 244, 266, 267, 270, 271, 272, 273, 274, 275, 325, 326, 327, 328, 329, 330, 331, 332, 333, 334, 381, 382, 383, 408, 409, 410, 411, 412, 413, 414, 415, 416, 422, 423], "summary": {"covered_lines": 73, "num_statements": 162, "percent_covered": 45.06172839506173, "percent_covered_display": "45", "missing_lines": 89, "excluded_lines": 0}, "missing_lines": [22, 23, 36, 37, 42, 43, 48, 49, 50, 51, 52, 53, 54, 99, 100, 141, 143, 144, 145, 146, 147, 148, 149, 150, 151, 152, 153, 154, 156, 197, 199, 200, 201, 202, 203, 204, 205, 206, 207, 208, 209, 210, 212, 237, 238, 262, 263, 311, 313, 314, 315, 316, 317, 318, 319, 320, 322, 363, 365, 366, 367, 368, 369, 370, 371, 372, 373, 374, 375, 376, 378, 404, 405, 460, 462, 463, 464, 465, 466, 467, 468, 469, 470, 471, 472, 473, 474, 475, 477], "excluded_lines": []}}}, "varietykit/cli/task.py": {"executed_lines": [1, 5, 6, 8, 9, 10, 11, 12, 15, 16, 17, 41, 42, 43, 48, 49, 50, 51, 52, 139, 140, 141, 142, 143, 144, 211, 212, 213, 269, 270, 271, 277, 278, 357, 358, 359, 364, 365, 366, 367, 368, 451, 452, 453, 454, 455, 497, 498, 499, 561, 562, 563, 568, 569, 570, 576, 577, 611, 612, 613, 626, 627, 628, 629], "summary": {"covered_lines": 63, "num_statements": 306, "percent_covered": 20.58823529411765, "percent_covered_display": "21", "missing_lines": 243, "excluded_lines": 0}, "missing_lines": [33, 45, 59, 60, 62, 64, 66, 68, 71, 72, 75, 76, 77, 79, 80, 81, 83, 84, 87, 88, 99, 100, 103, 104, 105, 108, 109, 110, 112, 114, 115, 118, 119, 121, 122, 129, 131, 132, 135, 136, 151, 152, 154, 155, 158, 159, 162, 164, 166, 167, 168, 170, 171, 173, 174, 176, 177, 178, 179, 180, 182, 183, 184, 186, 188, 189, 191, 193, 194, 201, 203, 204, 207, 208, 215, 216, 218, 220, 221, 228, 231, 232, 234, 235, 236, 237, 238, 240, 241, 243, 244, 246, 247, 252, 255, 256, 257, 259, 260, 262, 263, 264, 266, 280, 281, 283, 284, 287, 293, 294, 296, 298, 299, 300, 301, 302, 303, 305, 306, 313, 316, 317, 320, 321, 322, 324, 325, 326, 327, 329, 330, 331, 333, 335, 336, 342, 344, 345, 348, 349, 361, 374, 375, 377, 378, 380, 382, 390, 391, 392, 394, 395, 396, 398, 399, 400, 402, 403, 404, 405, 407, 408, 409, 411, 413, 414, 416, 419, 420, 422, 425, 431, 433, 434, 441, 443, 444, 447, 448, 457, 458, 460, 461, 463, 465, 467, 469, 470, 472, 473, 475, 476, 478, 481, 487, 489, 490, 493, 494, 501, 502, 504, 505, 507, 509, 510, 511, 513, 514, 515, 517, 520, 521, 523, 524, 526, 527, 528, 530, 533, 536, 538, 539, 546, 548, 549, 552, 553, 565, 583, 584, 586, 594, 595, 596, 597, 598, 600, 608, 615, 617, 631, 633], "excluded_lines": [], "functions": {"task": {"executed_lines": [], "summary": {"covered_lines": 0, "num_statements": 1, "percent_covered": 0.0, "percent_covered_display": "0", "missing_lines": 1, "excluded_lines": 0}, "missing_lines": [33], "excluded_lines": []}, "wallet": {"executed_lines": [], "summary": {"covered_lines": 0, "num_statements": 1, "percent_covered": 0.0, "percent_covered_display": "0", "missing_lines": 1, "excluded_lines": 0}, "missing_lines": [45], "excluded_lines": []}, "create": {"executed_lines": [], "summary": {"covered_lines": 0, "num_statements": 38, "percent_covered": 0.0, "percent_covered_display": "0", "missing_lines": 38, "excluded_lines": 0}, "missing_lines": [59, 60, 62, 64, 66, 68, 71, 72, 75, 76, 77, 79, 80, 81, 83, 84, 87, 88, 99, 100, 103, 104, 105, 108, 109, 110, 112, 114, 115, 118, 119, 121, 122, 129, 131, 132, 135, 136], "excluded_lines": []}, "import_wallet": {"executed_lines": [], "summary": {"covered_lines": 0, "num_statements": 34, "percent_covered": 0.0, "percent_covered_display": "0", "missing_lines": 34, "excluded_lines": 0}, "missing_lines": [151, 152, 154, 155, 158, 159, 162, 164, 166, 167, 168, 170, 171, 173, 174, 176, 177, 178, 179, 180, 182, 183, 184, 186, 188, 189, 191, 193, 194, 201, 203, 204, 207, 208], "excluded_lines": []}, "list_wallets": {"executed_lines": [], "summary": {"covered_lines": 0, "num_statements": 29, "percent_covered": 0.0, "percent_covered_display": "0", "missing_lines": 29, "excluded_lines": 0}, "missing_lines": [215, 216, 218, 220, 221, 228, 231, 232, 234, 235, 236, 237, 238, 240, 241, 243, 244, 246, 247, 252, 255, 256, 257, 259, 260, 262, 263, 264, 266], "excluded_lines": []}, "balance": {"executed_lines": [], "summary": {"covered_lines": 0, "num_statements": 37, "percent_covered": 0.0, "percent_covered_display": "0", "missing_lines": 37, "excluded_lines": 0}, "missing_lines": [280, 281, 283, 284, 287, 293, 294, 296, 298, 299, 300, 301, 302, 303, 305, 306, 313, 316, 317, 320, 321, 322, 324, 325, 326, 327, 329, 330, 331, 333, 335, 336, 342, 344, 345, 348, 349], "excluded_lines": []}, "storage": {"executed_lines": [], "summary": {"covered_lines": 0, "num_statements": 1, "percent_covered": 0.0, "percent_covered_display": "0", "missing_lines": 1, "excluded_lines": 0}, "missing_lines": [361], "excluded_lines": []}, "upload": {"executed_lines": [], "summary": {"covered_lines": 0, "num_statements": 38, "percent_covered": 0.0, "percent_covered_display": "0", "missing_lines": 38, "excluded_lines": 0}, "missing_lines": [374, 375, 377, 378, 380, 382, 390, 391, 392, 394, 395, 396, 398, 399, 400, 402, 403, 404, 405, 407, 408, 409, 411, 413, 414, 416, 419, 420, 422, 425, 431, 433, 434, 441, 443, 444, 447, 448], "excluded_lines": []}, "download": {"executed_lines": [], "summary": {"covered_lines": 0, "num_statements": 20, "percent_covered": 0.0, "percent_covered_display": "0", "missing_lines": 20, "excluded_lines": 0}, "missing_lines": [457, 458, 460, 461, 463, 465, 467, 469, 470, 472, 473, 475, 476, 478, 481, 487, 489, 490, 493, 494], "excluded_lines": []}, "list_files": {"executed_lines": [], "summary": {"covered_lines": 0, "num_statements": 29, "percent_covered": 0.0, "percent_covered_display": "0", "missing_lines": 29, "excluded_lines": 0}, "missing_lines": [501, 502, 504, 505, 507, 509, 510, 511, 513, 514, 515, 517, 520, 521, 523, 524, 526, 527, 528, 530, 533, 536, 538, 539, 546, 548, 549, 552, 553], "excluded_lines": []}, "dashboard": {"executed_lines": [], "summary": {"covered_lines": 0, "num_statements": 1, "percent_covered": 0.0, "percent_covered_display": "0", "missing_lines": 1, "excluded_lines": 0}, "missing_lines": [565], "excluded_lines": []}, "deploy": {"executed_lines": [], "summary": {"covered_lines": 0, "num_statements": 10, "percent_covered": 0.0, "percent_covered_display": "0", "missing_lines": 10, "excluded_lines": 0}, "missing_lines": [583, 584, 586, 594, 595, 596, 597, 598, 600, 608], "excluded_lines": []}, "list_dashboards": {"executed_lines": [], "summary": {"covered_lines": 0, "num_statements": 2, "percent_covered": 0.0, "percent_covered_display": "0", "missing_lines": 2, "excluded_lines": 0}, "missing_lines": [615, 617], "excluded_lines": []}, "logs": {"executed_lines": [], "summary": {"covered_lines": 0, "num_statements": 2, "percent_covered": 0.0, "percent_covered_display": "0", "missing_lines": 2, "excluded_lines": 0}, "missing_lines": [631, 633], "excluded_lines": []}, "": {"executed_lines": [1, 5, 6, 8, 9, 10, 11, 12, 15, 16, 17, 41, 42, 43, 48, 49, 50, 51, 52, 139, 140, 141, 142, 143, 144, 211, 212, 213, 269, 270, 271, 277, 278, 357, 358, 359, 364, 365, 366, 367, 368, 451, 452, 453, 454, 455, 497, 498, 499, 561, 562, 563, 568, 569, 570, 576, 577, 611, 612, 613, 626, 627, 628, 629], "summary": {"covered_lines": 63, "num_statements": 63, "percent_covered": 100.0, "percent_covered_display": "100", "missing_lines": 0, "excluded_lines": 0}, "missing_lines": [], "excluded_lines": []}}, "classes": {"": {"executed_lines": [1, 5, 6, 8, 9, 10, 11, 12, 15, 16, 17, 41, 42, 43, 48, 49, 50, 51, 52, 139, 140, 141, 142, 143, 144, 211, 212, 213, 269, 270, 271, 277, 278, 357, 358, 359, 364, 365, 366, 367, 368, 451, 452, 453, 454, 455, 497, 498, 499, 561, 562, 563, 568, 569, 570, 576, 577, 611, 612, 613, 626, 627, 628, 629], "summary": {"covered_lines": 63, "num_statements": 306, "percent_covered": 20.58823529411765, "percent_covered_display": "21", "missing_lines": 243, "excluded_lines": 0}, "missing_lines": [33, 45, 59, 60, 62, 64, 66, 68, 71, 72, 75, 76, 77, 79, 80, 81, 83, 84, 87, 88, 99, 100, 103, 104, 105, 108, 109, 110, 112, 114, 115, 118, 119, 121, 122, 129, 131, 132, 135, 136, 151, 152, 154, 155, 158, 159, 162, 164, 166, 167, 168, 170, 171, 173, 174, 176, 177, 178, 179, 180, 182, 183, 184, 186, 188, 189, 191, 193, 194, 201, 203, 204, 207, 208, 215, 216, 218, 220, 221, 228, 231, 232, 234, 235, 236, 237, 238, 240, 241, 243, 244, 246, 247, 252, 255, 256, 257, 259, 260, 262, 263, 264, 266, 280, 281, 283, 284, 287, 293, 294, 296, 298, 299, 300, 301, 302, 303, 305, 306, 313, 316, 317, 320, 321, 322, 324, 325, 326, 327, 329, 330, 331, 333, 335, 336, 342, 344, 345, 348, 349, 361, 374, 375, 377, 378, 380, 382, 390, 391, 392, 394, 395, 396, 398, 399, 400, 402, 403, 404, 405, 407, 408, 409, 411, 413, 414, 416, 419, 420, 422, 425, 431, 433, 434, 441, 443, 444, 447, 448, 457, 458, 460, 461, 463, 465, 467, 469, 470, 472, 473, 475, 476, 478, 481, 487, 489, 490, 493, 494, 501, 502, 504, 505, 507, 509, 510, 511, 513, 514, 515, 517, 520, 521, 523, 524, 526, 527, 528, 530, 533, 536, 538, 539, 546, 548, 549, 552, 553, 565, 583, 584, 586, 594, 595, 596, 597, 598, 600, 608, 615, 617, 631, 633], "excluded_lines": []}}}, "varietykit/cli/template.py": {"executed_lines": [1, 5, 6, 7, 8, 10, 11, 12, 13, 14, 21, 22, 23, 24, 25, 28, 29, 30, 70, 71, 72, 73, 74, 75, 76, 316, 317, 318, 319, 320, 407, 408, 409, 410, 411, 474, 475, 476, 477, 652, 653, 654, 686, 687, 688, 689], "summary": {"covered_lines": 45, "num_statements": 290, "percent_covered": 15.517241379310345, "percent_covered_display": "16", "missing_lines": 245, "excluded_lines": 0}, "missing_lines": [67, 112, 113, 115, 125, 126, 129, 130, 131, 134, 137, 138, 139, 142, 143, 146, 149, 150, 151, 152, 153, 154, 157, 158, 159, 160, 164, 165, 166, 167, 168, 170, 171, 172, 173, 174, 177, 178, 179, 180, 183, 184, 186, 189, 190, 191, 192, 195, 196, 197, 198, 199, 200, 201, 202, 203, 205, 206, 207, 210, 221, 223, 225, 227, 236, 238, 239, 242, 244, 245, 248, 253, 254, 255, 258, 260, 261, 264, 265, 267, 268, 271, 273, 274, 277, 279, 280, 283, 285, 286, 289, 290, 308, 310, 311, 312, 313, 333, 334, 337, 338, 339, 341, 342, 350, 352, 359, 361, 362, 363, 364, 367, 369, 370, 371, 372, 373, 374, 375, 377, 379, 380, 381, 389, 390, 397, 399, 400, 401, 402, 403, 404, 424, 425, 427, 428, 430, 431, 438, 440, 449, 451, 452, 453, 454, 457, 458, 460, 462, 464, 465, 466, 467, 468, 469, 470, 471, 494, 495, 497, 498, 500, 501, 508, 510, 518, 520, 528, 529, 531, 532, 533, 534, 539, 542, 543, 544, 551, 552, 557, 558, 559, 562, 564, 565, 568, 570, 571, 574, 575, 576, 577, 578, 579, 580, 583, 584, 585, 586, 587, 590, 591, 594, 595, 601, 602, 603, 604, 606, 607, 608, 609, 611, 619, 626, 627, 629, 630, 640, 649, 660, 661, 663, 664, 666, 667, 668, 670, 673, 674, 675, 676, 678, 679, 681, 682, 683, 698, 699, 701, 702, 704, 705, 706, 708], "excluded_lines": [], "functions": {"template": {"executed_lines": [], "summary": {"covered_lines": 0, "num_statements": 1, "percent_covered": 0.0, "percent_covered_display": "0", "missing_lines": 1, "excluded_lines": 0}, "missing_lines": [67], "excluded_lines": []}, "create": {"executed_lines": [], "summary": {"covered_lines": 0, "num_statements": 96, "percent_covered": 0.0, "percent_covered_display": "0", "missing_lines": 96, "excluded_lines": 0}, "missing_lines": [112, 113, 115, 125, 126, 129, 130, 131, 134, 137, 138, 139, 142, 143, 146, 149, 150, 151, 152, 153, 154, 157, 158, 159, 160, 164, 165, 166, 167, 168, 170, 171, 172, 173, 174, 177, 178, 179, 180, 183, 184, 186, 189, 190, 191, 192, 195, 196, 197, 198, 199, 200, 201, 202, 203, 205, 206, 207, 210, 221, 223, 225, 227, 236, 238, 239, 242, 244, 245, 248, 253, 254, 255, 258, 260, 261, 264, 265, 267, 268, 271, 273, 274, 277, 279, 280, 28
[...]
 "excluded_lines": 0}, "missing_lines": [95], "excluded_lines": [], "functions": {"DeploymentResult.__str__": {"executed_lines": [], "summary": {"covered_lines": 0, "num_statements": 1, "percent_covered": 0.0, "percent_covered_display": "0", "missing_lines": 1, "excluded_lines": 0}, "missing_lines": [95], "excluded_lines": []}, "": {"executed_lines": [1, 8, 9, 12, 13, 14, 26, 27, 28, 29, 30, 31, 34, 35, 36, 48, 49, 50, 51, 52, 53, 56, 57, 58, 67, 68, 69, 72, 73, 74, 86, 87, 88, 89, 90, 91, 93, 102, 103, 105, 108, 109, 111, 114, 115, 117, 120, 121, 123], "summary": {"covered_lines": 40, "num_statements": 40, "percent_covered": 100.0, "percent_covered_display": "100", "missing_lines": 0, "excluded_lines": 0}, "missing_lines": [], "excluded_lines": []}}, "classes": {"ProjectInfo": {"executed_lines": [], "summary": {"covered_lines": 0, "num_statements": 0, "percent_covered": 100.0, "percent_covered_display": "100", "missing_lines": 0, "excluded_lines": 0}, "missing_lines": [], "excluded_lines": []}, "BuildArtifacts": {"executed_lines": [], "summary": {"covered_lines": 0, "num_statements": 0, "percent_covered": 100.0, "percent_covered_display": "100", "missing_lines": 0, "excluded_lines": 0}, "missing_lines": [], "excluded_lines": []}, "DeploymentOptions": {"executed_lines": [], "summary": {"covered_lines": 0, "num_statements": 0, "percent_covered": 100.0, "percent_covered_display": "100", "missing_lines": 0, "excluded_lines": 0}, "missing_lines": [], "excluded_lines": []}, "DeploymentResult": {"executed_lines": [], "summary": {"covered_lines": 0, "num_statements": 1, "percent_covered": 0.0, "percent_covered_display": "0", "missing_lines": 1, "excluded_lines": 0}, "missing_lines": [95], "excluded_lines": []}, "DeploymentError": {"executed_lines": [], "summary": {"covered_lines": 0, "num_statements": 0, "percent_covered": 100.0, "percent_covered_display": "100", "missing_lines": 0, "excluded_lines": 0}, "missing_lines": [], "excluded_lines": []}, "ProjectDetectionError": {"executed_lines": [], "summary": {"covered_lines": 0, "num_statements": 0, "percent_covered": 100.0, "percent_covered_display": "100", "missing_lines": 0, "excluded_lines": 0}, "missing_lines": [], "excluded_lines": []}, "BuildError": {"executed_lines": [], "summary": {"covered_lines": 0, "num_statements": 0, "percent_covered": 100.0, "percent_covered_display": "100", "missing_lines": 0, "excluded_lines": 0}, "missing_lines": [], "excluded_lines": []}, "IPFSUploadError": {"executed_lines": [], "summary": {"covered_lines": 0, "num_statements": 0, "percent_covered": 100.0, "percent_covered_display": "100", "missing_lines": 0, "excluded_lines": 0}, "missing_lines": [], "excluded_lines": []}, "": {"executed_lines": [1, 8, 9, 12, 13, 14, 26, 27, 28, 29, 30, 31, 34, 35, 36, 48, 49, 50, 51, 52, 53, 56, 57, 58, 67, 68, 69, 72, 73, 74, 86, 87, 88, 89, 90, 91, 93, 102, 103, 105, 108, 109, 111, 114, 115, 117, 120, 121, 123], "summary": {"covered_lines": 40, "num_statements": 40, "percent_covered": 100.0, "percent_covered_display": "100", "missing_lines": 0, "excluded_lines": 0}, "missing_lines": [], "excluded_lines": []}}}, "varietykit/utils/__init__.py": {"executed_lines": [1, 5, 6, 13], "summary": {"covered_lines": 3, "num_statements": 3, "percent_covered": 100.0, "percent_covered_display": "100", "missing_lines": 0, "excluded_lines": 0}, "missing_lines": [], "excluded_lines": [], "functions": {"": {"executed_lines": [1, 5, 6, 13], "summary": {"covered_lines": 3, "num_statements": 3, "percent_covered": 100.0, "percent_covered_display": "100", "missing_lines": 0, "excluded_lines": 0}, "missing_lines": [], "excluded_lines": []}}, "classes": {"": {"executed_lines": [1, 5, 6, 13], "summary": {"covered_lines": 3, "num_statements": 3, "percent_covered": 100.0, "percent_covered_display": "100", "missing_lines": 0, "excluded_lines": 0}, "missing_lines": [], "excluded_lines": []}}}, "varietykit/utils/logger.py": {"executed_lines": [1, 5, 6, 7, 8, 9, 10, 13, 14, 16, 22, 44, 59, 66, 73, 80, 87, 95, 96, 98, 121, 124, 132], "summary": {"covered_lines": 20, "num_statements": 69, "percent_covered": 28.985507246376812, "percent_covered_display": "29", "missing_lines": 49, "excluded_lines": 0}, "missing_lines": [17, 18, 19, 20, 24, 25, 26, 29, 30, 32, 33, 35, 38, 40, 42, 46, 47, 49, 50, 52, 55, 57, 61, 62, 64, 68, 69, 71, 75, 76, 78, 82, 83, 85, 89, 90, 92, 99, 110, 111, 114, 115, 117, 127, 128, 129, 134, 135, 136], "excluded_lines": [], "functions": {"VarityLogger.__init__": {"executed_lines": [], "summary": {"covered_lines": 0, "num_statements": 4, "percent_covered": 0.0, "percent_covered_display": "0", "missing_lines": 4, "excluded_lines": 0}, "missing_lines": [17, 18, 19, 20], "excluded_lines": []}, "VarityLogger._setup_logger": {"executed_lines": [], "summary": {"covered_lines": 0, "num_statements": 11, "percent_covered": 0.0, "percent_covered_display": "0", "missing_lines": 11, "excluded_lines": 0}, "missing_lines": [24, 25, 26, 29, 30, 32, 33, 35, 38, 40, 42], "excluded_lines": []}, "VarityLogger.add_file_handler": {"executed_lines": [], "summary": {"covered_lines": 0, "num_statements": 7, "percent_covered": 0.0, "percent_covered_display": "0", "missing_lines": 7, "excluded_lines": 0}, "missing_lines": [46, 47, 49, 50, 52, 55, 57], "excluded_lines": []}, "VarityLogger.debug": {"executed_lines": [], "summary": {"covered_lines": 0, "num_statements": 3, "percent_covered": 0.0, "percent_covered_display": "0", "missing_lines": 3, "excluded_lines": 0}, "missing_lines": [61, 62, 64], "excluded_lines": []}, "VarityLogger.info": {"executed_lines": [], "summary": {"covered_lines": 0, "num_statements": 3, "percent_covered": 0.0, "percent_covered_display": "0", "missing_lines": 3, "excluded_lines": 0}, "missing_lines": [68, 69, 71], "excluded_lines": []}, "VarityLogger.warning": {"executed_lines": [], "summary": {"covered_lines": 0, "num_statements": 3, "percent_covered": 0.0, "percent_covered_display": "0", "missing_lines": 3, "excluded_lines": 0}, "missing_lines": [75, 76, 78], "excluded_lines": []}, "VarityLogger.error": {"executed_lines": [], "summary": {"covered_lines": 0, "num_statements": 3, "percent_covered": 0.0, "percent_covered_display": "0", "missing_lines": 3, "excluded_lines": 0}, "missing_lines": [82, 83, 85], "excluded_lines": []}, "VarityLogger.critical": {"executed_lines": [], "summary": {"covered_lines": 0, "num_statements": 3, "percent_covered": 0.0, "percent_covered_display": "0", "missing_lines": 3, "excluded_lines": 0}, "missing_lines": [89, 90, 92], "excluded_lines": []}, "JSONFormatter.format": {"executed_lines": [], "summary": {"covered_lines": 0, "num_statements": 6, "percent_covered": 0.0, "percent_covered_display": "0", "missing_lines": 6, "excluded_lines": 0}, "missing_lines": [99, 110, 111, 114, 115, 117], "excluded_lines": []}, "get_logger": {"executed_lines": [], "summary": {"covered_lines": 0, "num_statements": 3, "percent_covered": 0.0, "percent_covered_display": "0", "missing_lines": 3, "excluded_lines": 0}, "missing_lines": [127, 128, 129], "excluded_lines": []}, "set_log_level": {"executed_lines": [], "summary": {"covered_lines": 0, "num_statements": 3, "percent_covered": 0.0, "percent_covered_display": "0", "missing_lines": 3, "excluded_lines": 0}, "missing_lines": [134, 135, 136], "excluded_lines": []}, "": {"executed_lines": [1, 5, 6, 7, 8, 9, 10, 13, 14, 16, 22, 44, 59, 66, 73, 80, 87, 95, 96, 98, 121, 124, 132], "summary": {"covered_lines": 20, "num_statements": 20, "percent_covered": 100.0, "percent_covered_display": "100", "missing_lines": 0, "excluded_lines": 0}, "missing_lines": [], "excluded_lines": []}}, "classes": {"VarityLogger": {"executed_lines": [], "summary": {"covered_lines": 0, "num_statements": 37, "percent_covered": 0.0, "percent_covered_display": "0", "missing_lines": 37, "excluded_lines": 0}, "missing_lines": [17, 18, 19, 20, 24, 25, 26, 29, 30, 32, 33, 35, 38, 40, 42, 46, 47, 49, 50, 52, 55, 57, 61, 62, 64, 68, 69, 71, 75, 76, 78, 82, 83, 85, 89, 90, 92], "excluded_lines": []}, "JSONFormatter": {"executed_lines": [], "summary": {"covered_lines": 0, "num_statements": 6, "percent_covered": 0.0, "percent_covered_display": "0", "missing_lines": 6, "excluded_lines": 0}, "missing_lines": [99, 110, 111, 114, 115, 117], "excluded_lines": []}, "": {"executed_lines": [1, 5, 6, 7, 8, 9, 10, 13, 14, 16, 22, 44, 59, 66, 73, 80, 87, 95, 96, 98, 121, 124, 132], "summary": {"covered_lines": 20, "num_statements": 26, "percent_covered": 76.92307692307692, "percent_covered_display": "77", "missing_lines": 6, "excluded_lines": 0}, "missing_lines": [127, 128, 129, 134, 135, 136], "excluded_lines": []}}}, "varietykit/utils/validators.py": {"executed_lines": [1, 5, 6, 7, 8, 9, 10, 13, 14, 15, 17, 18, 19, 22, 23, 25, 34, 35, 45, 46, 54, 55, 87, 88, 105, 106, 126, 127, 129, 130, 156, 157, 180, 181, 192, 193, 205, 206, 208, 220, 221, 246, 247, 256, 257, 297, 298, 300, 301, 325, 326, 379, 380, 393, 394, 422, 423, 425, 426, 449, 450, 465, 466, 501, 502, 542, 543], "summary": {"covered_lines": 60, "num_statements": 243, "percent_covered": 24.691358024691358, "percent_covered_display": "25", "missing_lines": 183, "excluded_lines": 0}, "missing_lines": [37, 38, 43, 49, 50, 51, 52, 57, 58, 60, 61, 65, 66, 67, 69, 70, 76, 82, 83, 84, 85, 90, 92, 94, 95, 96, 97, 100, 101, 103, 108, 109, 111, 112, 114, 120, 121, 133, 134, 140, 141, 147, 148, 154, 159, 160, 164, 165, 170, 171, 172, 178, 183, 184, 190, 195, 196, 202, 223, 225, 226, 227, 228, 230, 231, 235, 241, 242, 249, 251, 252, 254, 259, 260, 268, 269, 270, 272, 273, 279, 285, 291, 292, 303, 305, 306, 307, 309, 310, 314, 320, 321, 328, 330, 331, 332, 333, 334, 335, 336, 337, 339, 340, 342, 343, 349, 355, 357, 359, 360, 361, 363, 364, 366, 371, 372, 376, 377, 382, 384, 385, 387, 396, 398, 399, 401, 402, 403, 405, 410, 411, 415, 428, 430, 431, 432, 433, 435, 436, 442, 444, 445, 452, 454, 456, 457, 458, 459, 468, 470, 471, 473, 474, 478, 484, 485, 490, 491, 496, 497, 504, 506, 508, 510, 512, 513, 514, 515, 520, 526, 532, 537, 538, 545, 547, 549, 551, 552, 553, 554, 558, 564, 565], "excluded_lines": [], "functions": {"EnvironmentValidator.check_tool_installed": {"executed_lines": [], "summary": {"covered_lines": 0, "num_statements": 3, "percent_covered": 0.0, "percent_covered_display": "0", "missing_lines": 3, "excluded_lines": 0}, "missing_lines": [37, 38, 43], "excluded_lines": []}, "EnvironmentValidator.parse_version": {"executed_lines": [], "summary": {"covered_lines": 0, "num_statements": 4, "percent_covered": 0.0, "percent_covered_display": "0", "missing_lines": 4, "excluded_lines": 0}, "missing_lines": [49, 50, 51, 52], "excluded_lines": []}, "EnvironmentValidator.check_tool_version": {"executed_lines": [], "summary": {"covered_lines": 0, "num_statements": 14, "percent_covered": 0.0, "percent_covered_display": "0", "missing_lines": 14, "excluded_lines": 0}, "missing_lines": [57, 58, 60, 61, 65, 66, 67, 69, 70, 76, 82, 83, 84, 85], "excluded_lines": []}, "EnvironmentValidator.validate_environment": {"executed_lines": [], "summary": {"covered_lines": 0, "num_statements": 9, "percent_covered": 0.0, "percent_covered_display": "0", "missing_lines": 9, "excluded_lines": 0}, "missing_lines": [90, 92, 94, 95, 96, 97, 100, 101, 103], "excluded_lines": []}, "EnvironmentValidator.check_docker_running": {"executed_lines": [], "summary": {"covered_lines": 0, "num_statements": 7, "percent_covered": 0.0, "percent_covered_display": "0", "missing_lines": 7, "excluded_lines": 0}, "missing_lines": [108, 109, 111, 112, 114, 120, 121], "excluded_lines": []}, "ConfigValidator.validate_project_name": {"executed_lines": [], "summary": {"covered_lines": 0, "num_statements": 7, "percent_covered": 0.0, "percent_covered_display": "0", "missing_lines": 7, "excluded_lines": 0}, "missing_lines": [133, 134, 140, 141, 147, 148, 154], "excluded_lines": []}, "ConfigValidator.validate_directory_empty": {"executed_lines": [], "summary": {"covered_lines": 0, "num_statements": 8, "percent_covered": 0.0, "percent_covered_display": "0", "missing_lines": 8, "excluded_lines": 0}, "missing_lines": [159, 160, 164, 165, 170, 171, 172, 178], "excluded_lines": []}, "ConfigValidator.validate_api_key": {"executed_lines": [], "summary": {"covered_lines": 0, "num_statements": 3, "percent_covered": 0.0, "percent_covered_display": "0", "missing_lines": 3, "excluded_lines": 0}, "missing_lines": [183, 184, 190], "excluded_lines": []}, "ConfigValidator.validate_wallet_address": {"executed_lines": [], "summary": {"covered_lines": 0, "num_statements": 3, "percent_covered": 0.0, "percent_covered_display": "0", "missing_lines": 3, "excluded_lines": 0}, "missing_lines": [195, 196, 202], "excluded_lines": []}, "LocalDePinValidator.check_service_running": {"executed_lines": [], "summary": {"covered_lines": 0, "num_statements": 10, "percent_covered": 0.0, "percent_covered_display": "0", "missing_lines": 10, "excluded_lines": 0}, "missing_lines": [223, 225, 226, 227, 228, 230, 231, 235, 241, 242], "excluded_lines": []}, "LocalDePinValidator.check_all_services": {"executed_lines": [], "summary": {"covered_lines": 0, "num_statements": 4, "percent_covered": 0.0, "percent_covered_display": "0", "missing_lines": 4, "excluded_lines": 0}, "missing_lines": [249, 251, 252, 254], "excluded_lines": []}, "LocalDePinValidator.check_docker_compose_running": {"executed_lines": [], "summary": {"covered_lines": 0, "num_statements": 11, "percent_covered": 0.0, "percent_covered_display": "0", "missing_lines": 11, "excluded_lines": 0}, "missing_lines": [259, 260, 268, 269, 270, 272, 273, 279, 285, 291, 292], "excluded_lines": []}, "SystemValidator.check_disk_space": {"executed_lines": [], "summary": {"covered_lines": 0, "num_statements": 9, "percent_covered": 0.0, "percent_covered_display": "0", "missing_lines": 9, "excluded_lines": 0}, "missing_lines": [303, 305, 306, 307, 309, 310, 314, 320, 321], "excluded_lines": []}, "SystemValidator.check_memory": {"executed_lines": [], "summary": {"covered_lines": 0, "num_statements": 26, "percent_covered": 0.0, "percent_covered_display": "0", "missing_lines": 26, "excluded_lines": 0}, "missing_lines": [328, 330, 331, 332, 333, 334, 335, 336, 337, 339, 340, 342, 343, 349, 355, 357, 359, 360, 361, 363, 364, 366, 371, 372, 376, 377], "excluded_lines": []}, "SystemValidator.check_env_file": {"executed_lines": [], "summary": {"covered_lines": 0, "num_statements": 4, "percent_covered": 0.0, "percent_covered_display": "0", "missing_lines": 4, "excluded_lines": 0}, "missing_lines": [382, 384, 385, 387], "excluded_lines": []}, "SystemValidator.check_config_file": {"executed_lines": [], "summary": {"covered_lines": 0, "num_statements": 10, "percent_covered": 0.0, "percent_covered_display": "0", "missing_lines": 10, "excluded_lines": 0}, "missing_lines": [396, 398, 399, 401, 402, 403, 405, 410, 411, 415], "excluded_lines": []}, "NetworkValidator.check_port_available": {"executed_lines": [], "summary": {"covered_lines": 0, "num_statements": 10, "percent_covered": 0.0, "percent_covered_display": "0", "missing_lines": 10, "excluded_lines": 0}, "missing_lines": [428, 430, 431, 432, 433, 435, 436, 442, 444, 445], "excluded_lines": []}, "NetworkValidator.check_internet_connection": {"executed_lines": [], "summary": {"covered_lines": 0, "num_statements": 6, "percent_covered": 0.0, "percent_covered_display": "0", "missing_lines": 6, "excluded_lines": 0}, "missing_lines": [452, 454, 456, 457, 458, 459], "excluded_lines": []}, "NetworkValidator.check_api_endpoint": {"executed_lines": [], "summary": {"covered_lines": 0, "num_statements": 12, "percent_covered": 0.0, "percent_covered_display": "0", "missing_lines": 12, "excluded_lines": 0}, "missing_lines": [468, 470, 471, 473, 474, 478, 484, 485, 490, 491, 496, 497], "excluded_lines": []}, "NetworkValidator.check_blockchain_rpc": {"executed_lines": [], "summary": {"covered_lines": 0, "num_statements": 13, "percent_covered": 0.0, "percent_covered_display": "0", "missing_lines": 13, "excluded_lines": 0}, "missing_lines": [504, 506, 508, 510, 512, 513, 514, 515, 520, 526, 532, 537, 538], "excluded_lines": []}, "NetworkValidator.check_ipfs_gateway": {"executed_lines": [], "summary": {"covered_lines": 0, "num_statements": 10, "percent_covered": 0.0, "percent_covered_display": "0", "missing_lines": 10, "excluded_lines": 0}, "missing_lines": [545, 547, 549, 551, 552, 553, 554, 558, 564, 565], "excluded_lines": []}, "": {"executed_lines": [1, 5, 6, 7, 8, 9, 10, 13, 14, 15, 17, 18, 19, 22, 23, 25, 34, 35, 45, 46, 54, 55, 87, 88, 105, 106, 126, 127, 129, 130, 156, 157, 180, 181, 192, 193, 205, 206, 208, 220, 221, 246, 247, 256, 257, 297, 298, 300, 301, 325, 326, 379, 380, 393, 394, 422, 423, 425, 426, 449, 450, 465, 466, 501, 502, 542, 543], "summary": {"covered_lines": 60, "num_statements": 60, "percent_covered": 100.0, "percent_covered_display": "100", "missing_lines": 0, "excluded_lines": 0}, "missing_lines": [], "excluded_lines": []}}, "classes": {"ValidationResult": {"executed_lines": [], "summary": {"covered_lines": 0, "num_statements": 0, "percent_covered": 100.0, "percent_covered_display": "100", "missing_lines": 0, "excluded_lines": 0}, "missing_lines": [], "excluded_lines": []}, "EnvironmentValidator": {"executed_lines": [], "summary": {"covered_lines": 0, "num_statements": 37, "percent_covered": 0.0, "percent_covered_display": "0", "missing_lines": 37, "excluded_lines": 0}, "missing_lines": [37, 38, 43, 49, 50, 51, 52, 57, 58, 60, 61, 65, 66, 67, 69, 70, 76, 82, 83, 84, 85, 90, 92, 94, 95, 96, 97, 100, 101, 103, 108, 109, 111, 112, 114, 120, 121], "excluded_lines": []}, "ConfigValidator": {"executed_lines": [], "summary": {"covered_lines": 0, "num_statements": 21, "percent_covered": 0.0, "percent_covered_display": "0", "missing_lines": 21, "excluded_lines": 0}, "missing_lines": [133, 134, 140, 141, 147, 148, 154, 159, 160, 164, 165, 170, 171, 172, 178, 183, 184, 190, 195, 196, 202], "excluded_lines": []}, "LocalDePinValidator": {"executed_lines": [], "summary": {"covered_lines": 0, "num_statements": 25, "percent_covered": 0.0, "percent_covered_display": "0", "missing_lines": 25, "excluded_lines": 0}, "missing_lines": [223, 225, 226, 227, 228, 230, 231, 235, 241, 242, 249, 251, 252, 254, 259, 260, 268, 269, 270, 272, 273, 279, 285, 291, 292], "excluded_lines": []}, "SystemValidator": {"executed_lines": [], "summary": {"covered_lines": 0, "num_statements": 49, "percent_covered": 0.0, "percent_covered_display": "0", "missing_lines": 49, "excluded_lines": 0}, "missing_lines": [303, 305, 306, 307, 309, 310, 314, 320, 321, 328, 330, 331, 332, 333, 334, 335, 336, 337, 339, 340, 342, 343, 349, 355, 357, 359, 360, 361, 363, 364, 366, 371, 372, 376, 377, 382, 384, 385, 387, 396, 398, 399, 401, 402, 403, 405, 410, 411, 415], "excluded_lines": []}, "NetworkValidator": {"executed_lines": [], "summary": {"covered_lines": 0, "num_statements": 51, "percent_covered": 0.0, "percent_covered_display": "0", "missing_lines": 51, "excluded_lines": 0}, "missing_lines": [428, 430, 431, 432, 433, 435, 436, 442, 444, 445, 452, 454, 456, 457, 458, 459, 468, 470, 471, 473, 474, 478, 484, 485, 490, 491, 496, 497, 504, 506, 508, 510, 512, 513, 514, 515, 520, 526, 532, 537, 538, 545, 547, 549, 551, 552, 553, 554, 558, 564, 565], "excluded_lines": []}, "": {"executed_lines": [1, 5, 6, 7, 8, 9, 10, 13, 14, 15, 17, 18, 19, 22, 23, 25, 34, 35, 45, 46, 54, 55, 87, 88, 105, 106, 126, 127, 129, 130, 156, 157, 180, 181, 192, 193, 205, 206, 208, 220, 221, 246, 247, 256, 257, 297, 298, 300, 301, 325, 326, 379, 380, 393, 394, 422, 423, 425, 426, 449, 450, 465, 466, 501, 502, 542, 543], "summary": {"covered_lines": 60, "num_statements": 60, "percent_covered": 100.0, "percent_covered_display": "100", "missing_lines": 0, "excluded_lines": 0}, "missing_lines": [], "excluded_lines": []}}}}, "totals": {"covered_lines": 1545, "num_statements": 6788, "percent_covered": 22.760754272245137, "percent_covered_display": "23", "missing_lines": 5243, "excluded_lines": 17}}